[ 2017-06-12T09:34:34+08:00 ] 127.0.0.1 /
INFO: [ app_begin ] --START--
INFO: Run Behavior\ReadHtmlCache [ RunTime:0.002000s ]
INFO: [ app_begin ] --END-- [ RunTime:0.040002s ]
INFO: [ view_parse ] --START--
INFO: [ template_filter ] --START--
INFO: Run Behavior\ContentReplace [ RunTime:0.000000s ]
INFO: [ template_filter ] --END-- [ RunTime:0.019002s ]
INFO: Run Behavior\ParseTemplate [ RunTime:0.153009s ]
INFO: [ view_parse ] --END-- [ RunTime:0.153009s ]
INFO: [ view_filter ] --START--
INFO: Run Behavior\WriteHtmlCache [ RunTime:0.026001s ]
INFO: [ view_filter ] --END-- [ RunTime:0.026001s ]
INFO: [ app_end ] --START--
INFO: Run Behavior\ShowPageTrace [ RunTime:0.010000s ]
INFO: [ app_end ] --END-- [ RunTime:0.010000s ]
NOTIC: [8] Undefined variable: controller E:\think\ThinkPHP\entrance.php 第 3 行.
NOTIC: [8] Undefined variable: controller E:\think\ThinkPHP\entrance.php 第 13 行.
NOTIC: [8] Undefined variable: action E:\think\ThinkPHP\entrance.php 第 14 行.

[ 2017-06-12T09:34:35+08:00 ] 127.0.0.1 /Sun/User/verify
INFO: [ app_begin ] --START--
INFO: Run Behavior\ReadHtmlCache [ RunTime:0.000000s ]
INFO: [ app_begin ] --END-- [ RunTime:0.001000s ]
INFO: [ app_end ] --START--
INFO: Run Behavior\ShowPageTrace [ RunTime:0.000000s ]
INFO: [ app_end ] --END-- [ RunTime:0.000000s ]
NOTIC: [8] Undefined variable: controller E:\think\ThinkPHP\entrance.php 第 3 行.
NOTIC: [8] Undefined variable: controller E:\think\ThinkPHP\entrance.php 第 13 行.
NOTIC: [8] Undefined variable: action E:\think\ThinkPHP\entrance.php 第 14 行.

[ 2017-06-12T09:34:44+08:00 ] 127.0.0.1 /
INFO: [ app_begin ] --START--
INFO: Run Behavior\ReadHtmlCache [ RunTime:0.001000s ]
INFO: [ app_begin ] --END-- [ RunTime:0.002000s ]
SQL: SHOW COLUMNS FROM `test_users` [ RunTime:0.027002s ]
SQL: SELECT * FROM `test_users` WHERE ( `username` = '迪丽热巴' )  [ RunTime:0.001000s ]
INFO: [ view_parse ] --START--
INFO: [ template_filter ] --START--
INFO: Run Behavior\ContentReplace [ RunTime:0.000000s ]
INFO: [ template_filter ] --END-- [ RunTime:0.000000s ]
INFO: Run Behavior\ParseTemplate [ RunTime:0.011000s ]
INFO: [ view_parse ] --END-- [ RunTime:0.011000s ]
INFO: [ view_filter ] --START--
INFO: Run Behavior\WriteHtmlCache [ RunTime:0.000000s ]
INFO: [ view_filter ] --END-- [ RunTime:0.001000s ]
INFO: [ app_end ] --START--
INFO: Run Behavior\ShowPageTrace [ RunTime:0.001000s ]
INFO: [ app_end ] --END-- [ RunTime:0.001000s ]
NOTIC: [8] Undefined variable: controller E:\think\ThinkPHP\entrance.php 第 3 行.

[ 2017-06-12T09:34:44+08:00 ] 127.0.0.1 /Sun/User/users
INFO: [ app_begin ] --START--
INFO: Run Behavior\ReadHtmlCache [ RunTime:0.000000s ]
INFO: [ app_begin ] --END-- [ RunTime:0.001000s ]
SQL: SHOW COLUMNS FROM `test_users` [ RunTime:0.002000s ]
SQL: SELECT * FROM `test_users`  [ RunTime:0.000000s ]
INFO: [ view_parse ] --START--
INFO: [ template_filter ] --START--
INFO: Run Behavior\ContentReplace [ RunTime:0.001000s ]
INFO: [ template_filter ] --END-- [ RunTime:0.001000s ]
NOTIC: [8] Undefined variable: controller E:\think\Application\Runtime\Cache\Sun\d33f96384a99e6fa87a4877a4503fa70.php 第 34 行.
INFO: Run Behavior\ParseTemplate [ RunTime:0.156009s ]
INFO: [ view_parse ] --END-- [ RunTime:0.156009s ]
INFO: [ view_filter ] --START--
INFO: Run Behavior\WriteHtmlCache [ RunTime:0.001000s ]
INFO: [ view_filter ] --END-- [ RunTime:0.001000s ]
INFO: [ app_end ] --START--
INFO: Run Behavior\ShowPageTrace [ RunTime:0.002001s ]
INFO: [ app_end ] --END-- [ RunTime:0.002001s ]
NOTIC: [8] Undefined variable: controller E:\think\ThinkPHP\entrance.php 第 3 行.

[ 2017-06-12T09:43:30+08:00 ] 127.0.0.1 /Sun/User/register
INFO: [ app_begin ] --START--
INFO: Run Behavior\ReadHtmlCache [ RunTime:0.001000s ]
INFO: [ app_begin ] --END-- [ RunTime:0.002000s ]
INFO: [ view_parse ] --START--
INFO: [ template_filter ] --START--
INFO: Run Behavior\ContentReplace [ RunTime:0.000000s ]
INFO: [ template_filter ] --END-- [ RunTime:0.000000s ]
INFO: Run Behavior\ParseTemplate [ RunTime:0.050002s ]
INFO: [ view_parse ] --END-- [ RunTime:0.051003s ]
INFO: [ view_filter ] --START--
INFO: Run Behavior\WriteHtmlCache [ RunTime:0.000000s ]
INFO: [ view_filter ] --END-- [ RunTime:0.000000s ]
INFO: [ app_end ] --START--
INFO: Run Behavior\ShowPageTrace [ RunTime:0.001000s ]
INFO: [ app_end ] --END-- [ RunTime:0.001000s ]
NOTIC: [8] Undefined variable: controller E:\think\ThinkPHP\entrance.php 第 3 行.

