[ 2017-06-08T09:35:22+08:00 ] 127.0.0.1 /
INFO: [ app_begin ] --START--
INFO: Run Behavior\ReadHtmlCache [ RunTime:0.002000s ]
INFO: [ app_begin ] --END-- [ RunTime:0.004000s ]
INFO: [ view_parse ] --START--
INFO: [ template_filter ] --START--
INFO: Run Behavior\ContentReplace [ RunTime:0.000000s ]
INFO: [ template_filter ] --END-- [ RunTime:0.000000s ]
INFO: Run Behavior\ParseTemplate [ RunTime:0.098005s ]
INFO: [ view_parse ] --END-- [ RunTime:0.098005s ]
INFO: [ view_filter ] --START--
INFO: Run Behavior\WriteHtmlCache [ RunTime:0.015001s ]
INFO: [ view_filter ] --END-- [ RunTime:0.015001s ]
INFO: [ app_end ] --START--
INFO: Run Behavior\ShowPageTrace [ RunTime:0.003000s ]
INFO: [ app_end ] --END-- [ RunTime:0.003000s ]
NOTIC: [8] Undefined variable: controller E:\think\ThinkPHP\entrance.php 第 3 行.
NOTIC: [8] Undefined variable: controller E:\think\ThinkPHP\entrance.php 第 13 行.
NOTIC: [8] Undefined variable: action E:\think\ThinkPHP\entrance.php 第 14 行.

[ 2017-06-08T09:35:23+08:00 ] 127.0.0.1 /Sun/User/verify
INFO: [ app_begin ] --START--
INFO: Run Behavior\ReadHtmlCache [ RunTime:0.001001s ]
INFO: [ app_begin ] --END-- [ RunTime:0.001001s ]
INFO: [ app_end ] --START--
INFO: Run Behavior\ShowPageTrace [ RunTime:0.001000s ]
INFO: [ app_end ] --END-- [ RunTime:0.001000s ]
NOTIC: [8] Undefined variable: controller E:\think\ThinkPHP\entrance.php 第 3 行.
NOTIC: [8] Undefined variable: controller E:\think\ThinkPHP\entrance.php 第 13 行.
NOTIC: [8] Undefined variable: action E:\think\ThinkPHP\entrance.php 第 14 行.

[ 2017-06-08T09:35:30+08:00 ] 127.0.0.1 /Sun/User/verify?random=0.31331018335185945
INFO: [ app_begin ] --START--
INFO: Run Behavior\ReadHtmlCache [ RunTime:0.001000s ]
INFO: [ app_begin ] --END-- [ RunTime:0.002000s ]
INFO: [ app_end ] --START--
INFO: Run Behavior\ShowPageTrace [ RunTime:0.001000s ]
INFO: [ app_end ] --END-- [ RunTime:0.001000s ]
NOTIC: [8] Undefined variable: controller E:\think\ThinkPHP\entrance.php 第 3 行.
NOTIC: [8] Undefined variable: controller E:\think\ThinkPHP\entrance.php 第 13 行.
NOTIC: [8] Undefined variable: action E:\think\ThinkPHP\entrance.php 第 14 行.

[ 2017-06-08T09:35:42+08:00 ] 127.0.0.1 /
INFO: [ app_begin ] --START--
INFO: Run Behavior\ReadHtmlCache [ RunTime:0.001000s ]
INFO: [ app_begin ] --END-- [ RunTime:0.001000s ]
SQL: SHOW COLUMNS FROM `test_users` [ RunTime:0.017001s ]
SQL: SELECT * FROM `test_users` WHERE ( `username` = '迪丽热巴' )  [ RunTime:0.000000s ]
INFO: [ view_parse ] --START--
INFO: [ template_filter ] --START--
INFO: Run Behavior\ContentReplace [ RunTime:0.001000s ]
INFO: [ template_filter ] --END-- [ RunTime:0.001000s ]
INFO: Run Behavior\ParseTemplate [ RunTime:0.007000s ]
INFO: [ view_parse ] --END-- [ RunTime:0.008000s ]
INFO: [ view_filter ] --START--
INFO: Run Behavior\WriteHtmlCache [ RunTime:0.000000s ]
INFO: [ view_filter ] --END-- [ RunTime:0.000000s ]
INFO: [ app_end ] --START--
INFO: Run Behavior\ShowPageTrace [ RunTime:0.001000s ]
INFO: [ app_end ] --END-- [ RunTime:0.001000s ]
NOTIC: [8] Undefined variable: controller E:\think\ThinkPHP\entrance.php 第 3 行.

[ 2017-06-08T09:35:42+08:00 ] 127.0.0.1 /Sun/User/users
INFO: [ app_begin ] --START--
INFO: Run Behavior\ReadHtmlCache [ RunTime:0.001000s ]
INFO: [ app_begin ] --END-- [ RunTime:0.001000s ]
SQL: SHOW COLUMNS FROM `test_users` [ RunTime:0.003001s ]
SQL: SELECT * FROM `test_users`  [ RunTime:0.001000s ]
INFO: [ view_parse ] --START--
INFO: [ template_filter ] --START--
INFO: Run Behavior\ContentReplace [ RunTime:0.000000s ]
INFO: [ template_filter ] --END-- [ RunTime:0.001000s ]
NOTIC: [8] Undefined variable: controller E:\think\Application\Runtime\Cache\Sun\d33f96384a99e6fa87a4877a4503fa70.php 第 34 行.
INFO: Run Behavior\ParseTemplate [ RunTime:0.127007s ]
INFO: [ view_parse ] --END-- [ RunTime:0.127007s ]
INFO: [ view_filter ] --START--
INFO: Run Behavior\WriteHtmlCache [ RunTime:0.001000s ]
INFO: [ view_filter ] --END-- [ RunTime:0.001000s ]
INFO: [ app_end ] --START--
INFO: Run Behavior\ShowPageTrace [ RunTime:0.001000s ]
INFO: [ app_end ] --END-- [ RunTime:0.002000s ]
NOTIC: [8] Undefined variable: controller E:\think\ThinkPHP\entrance.php 第 3 行.

[ 2017-06-08T09:35:50+08:00 ] 127.0.0.1 /Sun/User/users
INFO: [ app_begin ] --START--
INFO: Run Behavior\ReadHtmlCache [ RunTime:0.001000s ]
INFO: [ app_begin ] --END-- [ RunTime:0.001000s ]
SQL: SHOW COLUMNS FROM `test_users` [ RunTime:0.003000s ]
SQL: SELECT * FROM `test_users` WHERE ( `sex` = 'male' )  [ RunTime:0.000000s ]
INFO: [ view_parse ] --START--
INFO: [ template_filter ] --START--
INFO: Run Behavior\ContentReplace [ RunTime:0.000000s ]
INFO: [ template_filter ] --END-- [ RunTime:0.000000s ]
NOTIC: [8] Undefined variable: controller E:\think\Application\Runtime\Cache\Sun\d33f96384a99e6fa87a4877a4503fa70.php 第 34 行.
INFO: Run Behavior\ParseTemplate [ RunTime:0.010000s ]
INFO: [ view_parse ] --END-- [ RunTime:0.010000s ]
INFO: [ view_filter ] --START--
INFO: Run Behavior\WriteHtmlCache [ RunTime:0.000000s ]
INFO: [ view_filter ] --END-- [ RunTime:0.000000s ]
INFO: [ app_end ] --START--
INFO: Run Behavior\ShowPageTrace [ RunTime:0.001000s ]
INFO: [ app_end ] --END-- [ RunTime:0.001000s ]
NOTIC: [8] Undefined variable: controller E:\think\ThinkPHP\entrance.php 第 3 行.

[ 2017-06-08T09:35:56+08:00 ] 127.0.0.1 /Sun/User/users
INFO: [ app_begin ] --START--
INFO: Run Behavior\ReadHtmlCache [ RunTime:0.000000s ]
INFO: [ app_begin ] --END-- [ RunTime:0.000000s ]
SQL: SHOW COLUMNS FROM `test_users` [ RunTime:0.002000s ]
SQL: SELECT * FROM `test_users`  [ RunTime:0.000000s ]
INFO: [ view_parse ] --START--
INFO: [ template_filter ] --START--
INFO: Run Behavior\ContentReplace [ RunTime:0.000000s ]
INFO: [ template_filter ] --END-- [ RunTime:0.000000s ]
NOTIC: [8] Undefined variable: controller E:\think\Application\Runtime\Cache\Sun\d33f96384a99e6fa87a4877a4503fa70.php 第 34 行.
INFO: Run Behavior\ParseTemplate [ RunTime:0.010001s ]
INFO: [ view_parse ] --END-- [ RunTime:0.010001s ]
INFO: [ view_filter ] --START--
INFO: Run Behavior\WriteHtmlCache [ RunTime:0.000000s ]
INFO: [ view_filter ] --END-- [ RunTime:0.000000s ]
INFO: [ app_end ] --START--
INFO: Run Behavior\ShowPageTrace [ RunTime:0.000000s ]
INFO: [ app_end ] --END-- [ RunTime:0.000000s ]
NOTIC: [8] Undefined variable: controller E:\think\ThinkPHP\entrance.php 第 3 行.

[ 2017-06-08T17:34:46+08:00 ] 127.0.0.1 /
INFO: [ app_begin ] --START--
INFO: Run Behavior\ReadHtmlCache [ RunTime:0.001001s ]
INFO: [ app_begin ] --END-- [ RunTime:0.001001s ]
INFO: [ view_parse ] --START--
INFO: [ template_filter ] --START--
INFO: Run Behavior\ContentReplace [ RunTime:0.000000s ]
INFO: [ template_filter ] --END-- [ RunTime:0.000000s ]
INFO: Run Behavior\ParseTemplate [ RunTime:0.006000s ]
INFO: [ view_parse ] --END-- [ RunTime:0.006000s ]
INFO: [ view_filter ] --START--
INFO: Run Behavior\WriteHtmlCache [ RunTime:0.001000s ]
INFO: [ view_filter ] --END-- [ RunTime:0.001000s ]
INFO: [ app_end ] --START--
INFO: Run Behavior\ShowPageTrace [ RunTime:0.000000s ]
INFO: [ app_end ] --END-- [ RunTime:0.000000s ]
NOTIC: [8] Undefined variable: controller E:\think\ThinkPHP\entrance.php 第 3 行.
NOTIC: [8] Undefined variable: controller E:\think\ThinkPHP\entrance.php 第 13 行.
NOTIC: [8] Undefined variable: action E:\think\ThinkPHP\entrance.php 第 14 行.

[ 2017-06-08T17:34:46+08:00 ] 127.0.0.1 /Sun/User/verify
INFO: [ app_begin ] --START--
INFO: Run Behavior\ReadHtmlCache [ RunTime:0.001000s ]
INFO: [ app_begin ] --END-- [ RunTime:0.001000s ]
INFO: [ app_end ] --START--
INFO: Run Behavior\ShowPageTrace [ RunTime:0.001000s ]
INFO: [ app_end ] --END-- [ RunTime:0.001000s ]
NOTIC: [8] Undefined variable: controller E:\think\ThinkPHP\entrance.php 第 3 行.
NOTIC: [8] Undefined variable: controller E:\think\ThinkPHP\entrance.php 第 13 行.
NOTIC: [8] Undefined variable: action E:\think\ThinkPHP\entrance.php 第 14 行.

[ 2017-06-08T17:35:00+08:00 ] 127.0.0.1 /Sun/User/verify?random=0.46564318270214944
INFO: [ app_begin ] --START--
INFO: Run Behavior\ReadHtmlCache [ RunTime:0.001000s ]
INFO: [ app_begin ] --END-- [ RunTime:0.002000s ]
INFO: [ app_end ] --START--
INFO: Run Behavior\ShowPageTrace [ RunTime:0.001001s ]
INFO: [ app_end ] --END-- [ RunTime:0.001001s ]
NOTIC: [8] Undefined variable: controller E:\think\ThinkPHP\entrance.php 第 3 行.
NOTIC: [8] Undefined variable: controller E:\think\ThinkPHP\entrance.php 第 13 行.
NOTIC: [8] Undefined variable: action E:\think\ThinkPHP\entrance.php 第 14 行.

[ 2017-06-08T17:35:00+08:00 ] 127.0.0.1 /Sun/User/verify?random=0.8674355631069375
INFO: [ app_begin ] --START--
INFO: Run Behavior\ReadHtmlCache [ RunTime:0.000000s ]
INFO: [ app_begin ] --END-- [ RunTime:0.000000s ]
INFO: [ app_end ] --START--
INFO: Run Behavior\ShowPageTrace [ RunTime:0.000000s ]
INFO: [ app_end ] --END-- [ RunTime:0.000000s ]
NOTIC: [8] Undefined variable: controller E:\think\ThinkPHP\entrance.php 第 3 行.
NOTIC: [8] Undefined variable: controller E:\think\ThinkPHP\entrance.php 第 13 行.
NOTIC: [8] Undefined variable: action E:\think\ThinkPHP\entrance.php 第 14 行.

[ 2017-06-08T17:35:00+08:00 ] 127.0.0.1 /Sun/User/verify?random=0.7076317313386908
INFO: [ app_begin ] --START--
INFO: Run Behavior\ReadHtmlCache [ RunTime:0.001000s ]
INFO: [ app_begin ] --END-- [ RunTime:0.001000s ]
INFO: [ app_end ] --START--
INFO: Run Behavior\ShowPageTrace [ RunTime:0.001000s ]
INFO: [ app_end ] --END-- [ RunTime:0.001000s ]
NOTIC: [8] Undefined variable: controller E:\think\ThinkPHP\entrance.php 第 3 行.
NOTIC: [8] Undefined variable: controller E:\think\ThinkPHP\entrance.php 第 13 行.
NOTIC: [8] Undefined variable: action E:\think\ThinkPHP\entrance.php 第 14 行.

[ 2017-06-08T17:35:00+08:00 ] 127.0.0.1 /Sun/User/verify?random=0.3676788263672206
INFO: [ app_begin ] --START--
INFO: Run Behavior\ReadHtmlCache [ RunTime:0.000000s ]
INFO: [ app_begin ] --END-- [ RunTime:0.002000s ]
INFO: [ app_end ] --START--
INFO: Run Behavior\ShowPageTrace [ RunTime:0.000000s ]
INFO: [ app_end ] --END-- [ RunTime:0.000000s ]
NOTIC: [8] Undefined variable: controller E:\think\ThinkPHP\entrance.php 第 3 行.
NOTIC: [8] Undefined variable: controller E:\think\ThinkPHP\entrance.php 第 13 行.
NOTIC: [8] Undefined variable: action E:\think\ThinkPHP\entrance.php 第 14 行.

[ 2017-06-08T17:35:00+08:00 ] 127.0.0.1 /Sun/User/verify?random=0.9999389860230259
INFO: [ app_begin ] --START--
INFO: Run Behavior\ReadHtmlCache [ RunTime:0.000000s ]
INFO: [ app_begin ] --END-- [ RunTime:0.001000s ]
INFO: [ app_end ] --START--
INFO: Run Behavior\ShowPageTrace [ RunTime:0.001000s ]
INFO: [ app_end ] --END-- [ RunTime:0.001000s ]
NOTIC: [8] Undefined variable: controller E:\think\ThinkPHP\entrance.php 第 3 行.
NOTIC: [8] Undefined variable: controller E:\think\ThinkPHP\entrance.php 第 13 行.
NOTIC: [8] Undefined variable: action E:\think\ThinkPHP\entrance.php 第 14 行.

[ 2017-06-08T17:35:01+08:00 ] 127.0.0.1 /Sun/User/verify?random=0.2846838678225867
INFO: [ app_begin ] --START--
INFO: Run Behavior\ReadHtmlCache [ RunTime:0.000000s ]
INFO: [ app_begin ] --END-- [ RunTime:0.000000s ]
INFO: [ app_end ] --START--
INFO: Run Behavior\ShowPageTrace [ RunTime:0.000000s ]
INFO: [ app_end ] --END-- [ RunTime:0.000000s ]
NOTIC: [8] Undefined variable: controller E:\think\ThinkPHP\entrance.php 第 3 行.
NOTIC: [8] Undefined variable: controller E:\think\ThinkPHP\entrance.php 第 13 行.
NOTIC: [8] Undefined variable: action E:\think\ThinkPHP\entrance.php 第 14 行.

[ 2017-06-08T17:35:01+08:00 ] 127.0.0.1 /Sun/User/verify?random=0.6124825590342515
INFO: [ app_begin ] --START--
INFO: Run Behavior\ReadHtmlCache [ RunTime:0.001000s ]
INFO: [ app_begin ] --END-- [ RunTime:0.001000s ]
INFO: [ app_end ] --START--
INFO: Run Behavior\ShowPageTrace [ RunTime:0.001000s ]
INFO: [ app_end ] --END-- [ RunTime:0.001000s ]
NOTIC: [8] Undefined variable: controller E:\think\ThinkPHP\entrance.php 第 3 行.
NOTIC: [8] Undefined variable: controller E:\think\ThinkPHP\entrance.php 第 13 行.
NOTIC: [8] Undefined variable: action E:\think\ThinkPHP\entrance.php 第 14 行.

[ 2017-06-08T17:35:01+08:00 ] 127.0.0.1 /Sun/User/verify?random=0.8316511500254977
INFO: [ app_begin ] --START--
INFO: Run Behavior\ReadHtmlCache [ RunTime:0.001000s ]
INFO: [ app_begin ] --END-- [ RunTime:0.002000s ]
INFO: [ app_end ] --START--
INFO: Run Behavior\ShowPageTrace [ RunTime:0.001000s ]
INFO: [ app_end ] --END-- [ RunTime:0.001000s ]
NOTIC: [8] Undefined variable: controller E:\think\ThinkPHP\entrance.php 第 3 行.
NOTIC: [8] Undefined variable: controller E:\think\ThinkPHP\entrance.php 第 13 行.
NOTIC: [8] Undefined variable: action E:\think\ThinkPHP\entrance.php 第 14 行.

[ 2017-06-08T17:35:01+08:00 ] 127.0.0.1 /Sun/User/verify?random=0.1414860549061998
INFO: [ app_begin ] --START--
INFO: Run Behavior\ReadHtmlCache [ RunTime:0.001001s ]
INFO: [ app_begin ] --END-- [ RunTime:0.002001s ]
INFO: [ app_end ] --START--
INFO: Run Behavior\ShowPageTrace [ RunTime:0.000000s ]
INFO: [ app_end ] --END-- [ RunTime:0.000000s ]
NOTIC: [8] Undefined variable: controller E:\think\ThinkPHP\entrance.php 第 3 行.
NOTIC: [8] Undefined variable: controller E:\think\ThinkPHP\entrance.php 第 13 行.
NOTIC: [8] Undefined variable: action E:\think\ThinkPHP\entrance.php 第 14 行.

[ 2017-06-08T17:35:01+08:00 ] 127.0.0.1 /Sun/User/verify?random=0.8154616955422249
INFO: [ app_begin ] --START--
INFO: Run Behavior\ReadHtmlCache [ RunTime:0.001000s ]
INFO: [ app_begin ] --END-- [ RunTime:0.002000s ]
INFO: [ app_end ] --START--
INFO: Run Behavior\ShowPageTrace [ RunTime:0.000000s ]
INFO: [ app_end ] --END-- [ RunTime:0.000000s ]
NOTIC: [8] Undefined variable: controller E:\think\ThinkPHP\entrance.php 第 3 行.
NOTIC: [8] Undefined variable: controller E:\think\ThinkPHP\entrance.php 第 13 行.
NOTIC: [8] Undefined variable: action E:\think\ThinkPHP\entrance.php 第 14 行.

[ 2017-06-08T17:35:02+08:00 ] 127.0.0.1 /Sun/User/verify?random=0.7930669923090825
INFO: [ app_begin ] --START--
INFO: Run Behavior\ReadHtmlCache [ RunTime:0.001000s ]
INFO: [ app_begin ] --END-- [ RunTime:0.002000s ]
INFO: [ app_end ] --START--
INFO: Run Behavior\ShowPageTrace [ RunTime:0.001000s ]
INFO: [ app_end ] --END-- [ RunTime:0.001000s ]
NOTIC: [8] Undefined variable: controller E:\think\ThinkPHP\entrance.php 第 3 行.
NOTIC: [8] Undefined variable: controller E:\think\ThinkPHP\entrance.php 第 13 行.
NOTIC: [8] Undefined variable: action E:\think\ThinkPHP\entrance.php 第 14 行.

[ 2017-06-08T17:35:02+08:00 ] 127.0.0.1 /Sun/User/verify?random=0.727193445717218
INFO: [ app_begin ] --START--
INFO: Run Behavior\ReadHtmlCache [ RunTime:0.001000s ]
INFO: [ app_begin ] --END-- [ RunTime:0.002000s ]
INFO: [ app_end ] --START--
INFO: Run Behavior\ShowPageTrace [ RunTime:0.001000s ]
INFO: [ app_end ] --END-- [ RunTime:0.001000s ]
NOTIC: [8] Undefined variable: controller E:\think\ThinkPHP\entrance.php 第 3 行.
NOTIC: [8] Undefined variable: controller E:\think\ThinkPHP\entrance.php 第 13 行.
NOTIC: [8] Undefined variable: action E:\think\ThinkPHP\entrance.php 第 14 行.

[ 2017-06-08T17:35:02+08:00 ] 127.0.0.1 /Sun/User/verify?random=0.05389006292526166
INFO: [ app_begin ] --START--
INFO: Run Behavior\ReadHtmlCache [ RunTime:0.001000s ]
INFO: [ app_begin ] --END-- [ RunTime:0.002000s ]
INFO: [ app_end ] --START--
INFO: Run Behavior\ShowPageTrace [ RunTime:0.001000s ]
INFO: [ app_end ] --END-- [ RunTime:0.001000s ]
NOTIC: [8] Undefined variable: controller E:\think\ThinkPHP\entrance.php 第 3 行.
NOTIC: [8] Undefined variable: controller E:\think\ThinkPHP\entrance.php 第 13 行.
NOTIC: [8] Undefined variable: action E:\think\ThinkPHP\entrance.php 第 14 行.

[ 2017-06-08T17:35:02+08:00 ] 127.0.0.1 /Sun/User/verify?random=0.8268521403197784
INFO: [ app_begin ] --START--
INFO: Run Behavior\ReadHtmlCache [ RunTime:0.001000s ]
INFO: [ app_begin ] --END-- [ RunTime:0.002000s ]
INFO: [ app_end ] --START--
INFO: Run Behavior\ShowPageTrace [ RunTime:0.001000s ]
INFO: [ app_end ] --END-- [ RunTime:0.001000s ]
NOTIC: [8] Undefined variable: controller E:\think\ThinkPHP\entrance.php 第 3 行.
NOTIC: [8] Undefined variable: controller E:\think\ThinkPHP\entrance.php 第 13 行.
NOTIC: [8] Undefined variable: action E:\think\ThinkPHP\entrance.php 第 14 行.

[ 2017-06-08T17:35:02+08:00 ] 127.0.0.1 /Sun/User/verify?random=0.06759389909151992
INFO: [ app_begin ] --START--
INFO: Run Behavior\ReadHtmlCache [ RunTime:0.001000s ]
INFO: [ app_begin ] --END-- [ RunTime:0.001000s ]
INFO: [ app_end ] --START--
INFO: Run Behavior\ShowPageTrace [ RunTime:0.001000s ]
INFO: [ app_end ] --END-- [ RunTime:0.001000s ]
NOTIC: [8] Undefined variable: controller E:\think\ThinkPHP\entrance.php 第 3 行.
NOTIC: [8] Undefined variable: controller E:\think\ThinkPHP\entrance.php 第 13 行.
NOTIC: [8] Undefined variable: action E:\think\ThinkPHP\entrance.php 第 14 行.

[ 2017-06-08T17:35:02+08:00 ] 127.0.0.1 /Sun/User/verify?random=0.14190970057114827
INFO: [ app_begin ] --START--
INFO: Run Behavior\ReadHtmlCache [ RunTime:0.001000s ]
INFO: [ app_begin ] --END-- [ RunTime:0.002000s ]
INFO: [ app_end ] --START--
INFO: Run Behavior\ShowPageTrace [ RunTime:0.001000s ]
INFO: [ app_end ] --END-- [ RunTime:0.002000s ]
NOTIC: [8] Undefined variable: controller E:\think\ThinkPHP\entrance.php 第 3 行.
NOTIC: [8] Undefined variable: controller E:\think\ThinkPHP\entrance.php 第 13 行.
NOTIC: [8] Undefined variable: action E:\think\ThinkPHP\entrance.php 第 14 行.

[ 2017-06-08T17:35:03+08:00 ] 127.0.0.1 /Sun/User/verify?random=0.9720603260949663
INFO: [ app_begin ] --START--
INFO: Run Behavior\ReadHtmlCache [ RunTime:0.000000s ]
INFO: [ app_begin ] --END-- [ RunTime:0.001000s ]
INFO: [ app_end ] --START--
INFO: Run Behavior\ShowPageTrace [ RunTime:0.001000s ]
INFO: [ app_end ] --END-- [ RunTime:0.001000s ]
NOTIC: [8] Undefined variable: controller E:\think\ThinkPHP\entrance.php 第 3 行.
NOTIC: [8] Undefined variable: controller E:\think\ThinkPHP\entrance.php 第 13 行.
NOTIC: [8] Undefined variable: action E:\think\ThinkPHP\entrance.php 第 14 行.

[ 2017-06-08T17:35:03+08:00 ] 127.0.0.1 /Sun/User/verify?random=0.164479455031024
INFO: [ app_begin ] --START--
INFO: Run Behavior\ReadHtmlCache [ RunTime:0.001000s ]
INFO: [ app_begin ] --END-- [ RunTime:0.001000s ]
INFO: [ app_end ] --START--
INFO: Run Behavior\ShowPageTrace [ RunTime:0.001000s ]
INFO: [ app_end ] --END-- [ RunTime:0.001000s ]
NOTIC: [8] Undefined variable: controller E:\think\ThinkPHP\entrance.php 第 3 行.
NOTIC: [8] Undefined variable: controller E:\think\ThinkPHP\entrance.php 第 13 行.
NOTIC: [8] Undefined variable: action E:\think\ThinkPHP\entrance.php 第 14 行.

[ 2017-06-08T17:35:03+08:00 ] 127.0.0.1 /Sun/User/verify?random=0.9603643104710582
INFO: [ app_begin ] --START--
INFO: Run Behavior\ReadHtmlCache [ RunTime:0.000000s ]
INFO: [ app_begin ] --END-- [ RunTime:0.000000s ]
INFO: [ app_end ] --START--
INFO: Run Behavior\ShowPageTrace [ RunTime:0.001000s ]
INFO: [ app_end ] --END-- [ RunTime:0.001000s ]
NOTIC: [8] Undefined variable: controller E:\think\ThinkPHP\entrance.php 第 3 行.
NOTIC: [8] Undefined variable: controller E:\think\ThinkPHP\entrance.php 第 13 行.
NOTIC: [8] Undefined variable: action E:\think\ThinkPHP\entrance.php 第 14 行.

[ 2017-06-08T17:35:03+08:00 ] 127.0.0.1 /Sun/User/verify?random=0.5456216632960638
INFO: [ app_begin ] --START--
INFO: Run Behavior\ReadHtmlCache [ RunTime:0.001000s ]
INFO: [ app_begin ] --END-- [ RunTime:0.002000s ]
INFO: [ app_end ] --START--
INFO: Run Behavior\ShowPageTrace [ RunTime:0.000000s ]
INFO: [ app_end ] --END-- [ RunTime:0.000000s ]
NOTIC: [8] Undefined variable: controller E:\think\ThinkPHP\entrance.php 第 3 行.
NOTIC: [8] Undefined variable: controller E:\think\ThinkPHP\entrance.php 第 13 行.
NOTIC: [8] Undefined variable: action E:\think\ThinkPHP\entrance.php 第 14 行.

[ 2017-06-08T17:35:03+08:00 ] 127.0.0.1 /Sun/User/verify?random=0.06316178869265388
INFO: [ app_begin ] --START--
INFO: Run Behavior\ReadHtmlCache [ RunTime:0.000000s ]
INFO: [ app_begin ] --END-- [ RunTime:0.001000s ]
INFO: [ app_end ] --START--
INFO: Run Behavior\ShowPageTrace [ RunTime:0.000000s ]
INFO: [ app_end ] --END-- [ RunTime:0.001000s ]
NOTIC: [8] Undefined variable: controller E:\think\ThinkPHP\entrance.php 第 3 行.
NOTIC: [8] Undefined variable: controller E:\think\ThinkPHP\entrance.php 第 13 行.
NOTIC: [8] Undefined variable: action E:\think\ThinkPHP\entrance.php 第 14 行.

[ 2017-06-08T17:35:04+08:00 ] 127.0.0.1 /Sun/User/verify?random=0.9168406220222411
INFO: [ app_begin ] --START--
INFO: Run Behavior\ReadHtmlCache [ RunTime:0.001000s ]
INFO: [ app_begin ] --END-- [ RunTime:0.001000s ]
INFO: [ app_end ] --START--
INFO: Run Behavior\ShowPageTrace [ RunTime:0.000000s ]
INFO: [ app_end ] --END-- [ RunTime:0.001000s ]
NOTIC: [8] Undefined variable: controller E:\think\ThinkPHP\entrance.php 第 3 行.
NOTIC: [8] Undefined variable: controller E:\think\ThinkPHP\entrance.php 第 13 行.
NOTIC: [8] Undefined variable: action E:\think\ThinkPHP\entrance.php 第 14 行.

[ 2017-06-08T17:35:04+08:00 ] 127.0.0.1 /Sun/User/verify?random=0.13799276657603077
INFO: [ app_begin ] --START--
INFO: Run Behavior\ReadHtmlCache [ RunTime:0.001000s ]
INFO: [ app_begin ] --END-- [ RunTime:0.001000s ]
INFO: [ app_end ] --START--
INFO: Run Behavior\ShowPageTrace [ RunTime:0.001000s ]
INFO: [ app_end ] --END-- [ RunTime:0.001000s ]
NOTIC: [8] Undefined variable: controller E:\think\ThinkPHP\entrance.php 第 3 行.
NOTIC: [8] Undefined variable: controller E:\think\ThinkPHP\entrance.php 第 13 行.
NOTIC: [8] Undefined variable: action E:\think\ThinkPHP\entrance.php 第 14 行.

[ 2017-06-08T17:35:04+08:00 ] 127.0.0.1 /Sun/User/verify?random=0.7702554992691537
INFO: [ app_begin ] --START--
INFO: Run Behavior\ReadHtmlCache [ RunTime:0.001000s ]
INFO: [ app_begin ] --END-- [ RunTime:0.002000s ]
INFO: [ app_end ] --START--
INFO: Run Behavior\ShowPageTrace [ RunTime:0.001000s ]
INFO: [ app_end ] --END-- [ RunTime:0.001000s ]
NOTIC: [8] Undefined variable: controller E:\think\ThinkPHP\entrance.php 第 3 行.
NOTIC: [8] Undefined variable: controller E:\think\ThinkPHP\entrance.php 第 13 行.
NOTIC: [8] Undefined variable: action E:\think\ThinkPHP\entrance.php 第 14 行.

[ 2017-06-08T17:35:04+08:00 ] 127.0.0.1 /Sun/User/verify?random=0.3890140979745289
INFO: [ app_begin ] --START--
INFO: Run Behavior\ReadHtmlCache [ RunTime:0.000000s ]
INFO: [ app_begin ] --END-- [ RunTime:0.002000s ]
INFO: [ app_end ] --START--
INFO: Run Behavior\ShowPageTrace [ RunTime:0.001000s ]
INFO: [ app_end ] --END-- [ RunTime:0.001000s ]
NOTIC: [8] Undefined variable: controller E:\think\ThinkPHP\entrance.php 第 3 行.
NOTIC: [8] Undefined variable: controller E:\think\ThinkPHP\entrance.php 第 13 行.
NOTIC: [8] Undefined variable: action E:\think\ThinkPHP\entrance.php 第 14 行.

[ 2017-06-08T17:35:04+08:00 ] 127.0.0.1 /Sun/User/verify?random=0.6563583835455704
INFO: [ app_begin ] --START--
INFO: Run Behavior\ReadHtmlCache [ RunTime:0.001000s ]
INFO: [ app_begin ] --END-- [ RunTime:0.002000s ]
INFO: [ app_end ] --START--
INFO: Run Behavior\ShowPageTrace [ RunTime:0.001000s ]
INFO: [ app_end ] --END-- [ RunTime:0.001000s ]
NOTIC: [8] Undefined variable: controller E:\think\ThinkPHP\entrance.php 第 3 行.
NOTIC: [8] Undefined variable: controller E:\think\ThinkPHP\entrance.php 第 13 行.
NOTIC: [8] Undefined variable: action E:\think\ThinkPHP\entrance.php 第 14 行.

[ 2017-06-08T17:35:05+08:00 ] 127.0.0.1 /Sun/User/verify?random=0.8473933385043062
INFO: [ app_begin ] --START--
INFO: Run Behavior\ReadHtmlCache [ RunTime:0.001000s ]
INFO: [ app_begin ] --END-- [ RunTime:0.002000s ]
INFO: [ app_end ] --START--
INFO: Run Behavior\ShowPageTrace [ RunTime:0.001000s ]
INFO: [ app_end ] --END-- [ RunTime:0.001000s ]
NOTIC: [8] Undefined variable: controller E:\think\ThinkPHP\entrance.php 第 3 行.
NOTIC: [8] Undefined variable: controller E:\think\ThinkPHP\entrance.php 第 13 行.
NOTIC: [8] Undefined variable: action E:\think\ThinkPHP\entrance.php 第 14 行.

[ 2017-06-08T17:35:05+08:00 ] 127.0.0.1 /Sun/User/verify?random=0.525218058558067
INFO: [ app_begin ] --START--
INFO: Run Behavior\ReadHtmlCache [ RunTime:0.001000s ]
INFO: [ app_begin ] --END-- [ RunTime:0.001000s ]
INFO: [ app_end ] --START--
INFO: Run Behavior\ShowPageTrace [ RunTime:0.000000s ]
INFO: [ app_end ] --END-- [ RunTime:0.000000s ]
NOTIC: [8] Undefined variable: controller E:\think\ThinkPHP\entrance.php 第 3 行.
NOTIC: [8] Undefined variable: controller E:\think\ThinkPHP\entrance.php 第 13 行.
NOTIC: [8] Undefined variable: action E:\think\ThinkPHP\entrance.php 第 14 行.

[ 2017-06-08T17:35:05+08:00 ] 127.0.0.1 /Sun/User/verify?random=0.028112605384623235
INFO: [ app_begin ] --START--
INFO: Run Behavior\ReadHtmlCache [ RunTime:0.000000s ]
INFO: [ app_begin ] --END-- [ RunTime:0.000000s ]
INFO: [ app_end ] --START--
INFO: Run Behavior\ShowPageTrace [ RunTime:0.001000s ]
INFO: [ app_end ] --END-- [ RunTime:0.001000s ]
NOTIC: [8] Undefined variable: controller E:\think\ThinkPHP\entrance.php 第 3 行.
NOTIC: [8] Undefined variable: controller E:\think\ThinkPHP\entrance.php 第 13 行.
NOTIC: [8] Undefined variable: action E:\think\ThinkPHP\entrance.php 第 14 行.

[ 2017-06-08T17:35:05+08:00 ] 127.0.0.1 /Sun/User/verify?random=0.8761369748860277
INFO: [ app_begin ] --START--
INFO: Run Behavior\ReadHtmlCache [ RunTime:0.001000s ]
INFO: [ app_begin ] --END-- [ RunTime:0.002000s ]
INFO: [ app_end ] --START--
INFO: Run Behavior\ShowPageTrace [ RunTime:0.000000s ]
INFO: [ app_end ] --END-- [ RunTime:0.000000s ]
NOTIC: [8] Undefined variable: controller E:\think\ThinkPHP\entrance.php 第 3 行.
NOTIC: [8] Undefined variable: controller E:\think\ThinkPHP\entrance.php 第 13 行.
NOTIC: [8] Undefined variable: action E:\think\ThinkPHP\entrance.php 第 14 行.

[ 2017-06-08T17:35:05+08:00 ] 127.0.0.1 /Sun/User/verify?random=0.6931639797511433
INFO: [ app_begin ] --START--
INFO: Run Behavior\ReadHtmlCache [ RunTime:0.000000s ]
INFO: [ app_begin ] --END-- [ RunTime:0.002000s ]
INFO: [ app_end ] --START--
INFO: Run Behavior\ShowPageTrace [ RunTime:0.001000s ]
INFO: [ app_end ] --END-- [ RunTime:0.001000s ]
NOTIC: [8] Undefined variable: controller E:\think\ThinkPHP\entrance.php 第 3 行.
NOTIC: [8] Undefined variable: controller E:\think\ThinkPHP\entrance.php 第 13 行.
NOTIC: [8] Undefined variable: action E:\think\ThinkPHP\entrance.php 第 14 行.

[ 2017-06-08T17:35:06+08:00 ] 127.0.0.1 /Sun/User/verify?random=0.2199753638843014
INFO: [ app_begin ] --START--
INFO: Run Behavior\ReadHtmlCache [ RunTime:0.000000s ]
INFO: [ app_begin ] --END-- [ RunTime:0.001000s ]
INFO: [ app_end ] --START--
INFO: Run Behavior\ShowPageTrace [ RunTime:0.001000s ]
INFO: [ app_end ] --END-- [ RunTime:0.001000s ]
NOTIC: [8] Undefined variable: controller E:\think\ThinkPHP\entrance.php 第 3 行.
NOTIC: [8] Undefined variable: controller E:\think\ThinkPHP\entrance.php 第 13 行.
NOTIC: [8] Undefined variable: action E:\think\ThinkPHP\entrance.php 第 14 行.

[ 2017-06-08T17:35:06+08:00 ] 127.0.0.1 /Sun/User/verify?random=0.8375631663623397
INFO: [ app_begin ] --START--
INFO: Run Behavior\ReadHtmlCache [ RunTime:0.001000s ]
INFO: [ app_begin ] --END-- [ RunTime:0.001000s ]
INFO: [ app_end ] --START--
INFO: Run Behavior\ShowPageTrace [ RunTime:0.000000s ]
INFO: [ app_end ] --END-- [ RunTime:0.000000s ]
NOTIC: [8] Undefined variable: controller E:\think\ThinkPHP\entrance.php 第 3 行.
NOTIC: [8] Undefined variable: controller E:\think\ThinkPHP\entrance.php 第 13 行.
NOTIC: [8] Undefined variable: action E:\think\ThinkPHP\entrance.php 第 14 行.

[ 2017-06-08T17:35:06+08:00 ] 127.0.0.1 /Sun/User/verify?random=0.18262178454718758
INFO: [ app_begin ] --START--
INFO: Run Behavior\ReadHtmlCache [ RunTime:0.001000s ]
INFO: [ app_begin ] --END-- [ RunTime:0.002000s ]
INFO: [ app_end ] --START--
INFO: Run Behavior\ShowPageTrace [ RunTime:0.001000s ]
INFO: [ app_end ] --END-- [ RunTime:0.001000s ]
NOTIC: [8] Undefined variable: controller E:\think\ThinkPHP\entrance.php 第 3 行.
NOTIC: [8] Undefined variable: controller E:\think\ThinkPHP\entrance.php 第 13 行.
NOTIC: [8] Undefined variable: action E:\think\ThinkPHP\entrance.php 第 14 行.

[ 2017-06-08T17:35:06+08:00 ] 127.0.0.1 /Sun/User/verify?random=0.29270767439265644
INFO: [ app_begin ] --START--
INFO: Run Behavior\ReadHtmlCache [ RunTime:0.001000s ]
INFO: [ app_begin ] --END-- [ RunTime:0.002000s ]
INFO: [ app_end ] --START--
INFO: Run Behavior\ShowPageTrace [ RunTime:0.001000s ]
INFO: [ app_end ] --END-- [ RunTime:0.001000s ]
NOTIC: [8] Undefined variable: controller E:\think\ThinkPHP\entrance.php 第 3 行.
NOTIC: [8] Undefined variable: controller E:\think\ThinkPHP\entrance.php 第 13 行.
NOTIC: [8] Undefined variable: action E:\think\ThinkPHP\entrance.php 第 14 行.

[ 2017-06-08T17:35:06+08:00 ] 127.0.0.1 /Sun/User/verify?random=0.1367920676715053
INFO: [ app_begin ] --START--
INFO: Run Behavior\ReadHtmlCache [ RunTime:0.001000s ]
INFO: [ app_begin ] --END-- [ RunTime:0.001000s ]
INFO: [ app_end ] --START--
INFO: Run Behavior\ShowPageTrace [ RunTime:0.001000s ]
INFO: [ app_end ] --END-- [ RunTime:0.001000s ]
NOTIC: [8] Undefined variable: controller E:\think\ThinkPHP\entrance.php 第 3 行.
NOTIC: [8] Undefined variable: controller E:\think\ThinkPHP\entrance.php 第 13 行.
NOTIC: [8] Undefined variable: action E:\think\ThinkPHP\entrance.php 第 14 行.

[ 2017-06-08T17:35:07+08:00 ] 127.0.0.1 /Sun/User/verify?random=0.5572010016859297
INFO: [ app_begin ] --START--
INFO: Run Behavior\ReadHtmlCache [ RunTime:0.001000s ]
INFO: [ app_begin ] --END-- [ RunTime:0.001000s ]
INFO: [ app_end ] --START--
INFO: Run Behavior\ShowPageTrace [ RunTime:0.001000s ]
INFO: [ app_end ] --END-- [ RunTime:0.001000s ]
NOTIC: [8] Undefined variable: controller E:\think\ThinkPHP\entrance.php 第 3 行.
NOTIC: [8] Undefined variable: controller E:\think\ThinkPHP\entrance.php 第 13 行.
NOTIC: [8] Undefined variable: action E:\think\ThinkPHP\entrance.php 第 14 行.

[ 2017-06-08T17:35:07+08:00 ] 127.0.0.1 /Sun/User/verify?random=0.5125013477428959
INFO: [ app_begin ] --START--
INFO: Run Behavior\ReadHtmlCache [ RunTime:0.002000s ]
INFO: [ app_begin ] --END-- [ RunTime:0.003000s ]
INFO: [ app_end ] --START--
INFO: Run Behavior\ShowPageTrace [ RunTime:0.001000s ]
INFO: [ app_end ] --END-- [ RunTime:0.002000s ]
NOTIC: [8] Undefined variable: controller E:\think\ThinkPHP\entrance.php 第 3 行.
NOTIC: [8] Undefined variable: controller E:\think\ThinkPHP\entrance.php 第 13 行.
NOTIC: [8] Undefined variable: action E:\think\ThinkPHP\entrance.php 第 14 行.

[ 2017-06-08T17:35:07+08:00 ] 127.0.0.1 /Sun/User/verify?random=0.9592666605921407
INFO: [ app_begin ] --START--
INFO: Run Behavior\ReadHtmlCache [ RunTime:0.001000s ]
INFO: [ app_begin ] --END-- [ RunTime:0.002000s ]
INFO: [ app_end ] --START--
INFO: Run Behavior\ShowPageTrace [ RunTime:0.001000s ]
INFO: [ app_end ] --END-- [ RunTime:0.001000s ]
NOTIC: [8] Undefined variable: controller E:\think\ThinkPHP\entrance.php 第 3 行.
NOTIC: [8] Undefined variable: controller E:\think\ThinkPHP\entrance.php 第 13 行.
NOTIC: [8] Undefined variable: action E:\think\ThinkPHP\entrance.php 第 14 行.

[ 2017-06-08T17:35:09+08:00 ] 127.0.0.1 /Sun/User/verify?random=0.2480194780281566
INFO: [ app_begin ] --START--
INFO: Run Behavior\ReadHtmlCache [ RunTime:0.001000s ]
INFO: [ app_begin ] --END-- [ RunTime:0.002000s ]
INFO: [ app_end ] --START--
INFO: Run Behavior\ShowPageTrace [ RunTime:0.000000s ]
INFO: [ app_end ] --END-- [ RunTime:0.000000s ]
NOTIC: [8] Undefined variable: controller E:\think\ThinkPHP\entrance.php 第 3 行.
NOTIC: [8] Undefined variable: controller E:\think\ThinkPHP\entrance.php 第 13 行.
NOTIC: [8] Undefined variable: action E:\think\ThinkPHP\entrance.php 第 14 行.

[ 2017-06-08T17:35:10+08:00 ] 127.0.0.1 /Sun/User/verify?random=0.9931401959542367
INFO: [ app_begin ] --START--
INFO: Run Behavior\ReadHtmlCache [ RunTime:0.001000s ]
INFO: [ app_begin ] --END-- [ RunTime:0.001000s ]
INFO: [ app_end ] --START--
INFO: Run Behavior\ShowPageTrace [ RunTime:0.000000s ]
INFO: [ app_end ] --END-- [ RunTime:0.001000s ]
NOTIC: [8] Undefined variable: controller E:\think\ThinkPHP\entrance.php 第 3 行.
NOTIC: [8] Undefined variable: controller E:\think\ThinkPHP\entrance.php 第 13 行.
NOTIC: [8] Undefined variable: action E:\think\ThinkPHP\entrance.php 第 14 行.

[ 2017-06-08T17:35:10+08:00 ] 127.0.0.1 /Sun/User/verify?random=0.7667803757340954
INFO: [ app_begin ] --START--
INFO: Run Behavior\ReadHtmlCache [ RunTime:0.001000s ]
INFO: [ app_begin ] --END-- [ RunTime:0.001000s ]
INFO: [ app_end ] --START--
INFO: Run Behavior\ShowPageTrace [ RunTime:0.001000s ]
INFO: [ app_end ] --END-- [ RunTime:0.001000s ]
NOTIC: [8] Undefined variable: controller E:\think\ThinkPHP\entrance.php 第 3 行.
NOTIC: [8] Undefined variable: controller E:\think\ThinkPHP\entrance.php 第 13 行.
NOTIC: [8] Undefined variable: action E:\think\ThinkPHP\entrance.php 第 14 行.

[ 2017-06-08T17:35:10+08:00 ] 127.0.0.1 /Sun/User/verify?random=0.5011695309560904
INFO: [ app_begin ] --START--
INFO: Run Behavior\ReadHtmlCache [ RunTime:0.001000s ]
INFO: [ app_begin ] --END-- [ RunTime:0.002000s ]
INFO: [ app_end ] --START--
INFO: Run Behavior\ShowPageTrace [ RunTime:0.001000s ]
INFO: [ app_end ] --END-- [ RunTime:0.001000s ]
NOTIC: [8] Undefined variable: controller E:\think\ThinkPHP\entrance.php 第 3 行.
NOTIC: [8] Undefined variable: controller E:\think\ThinkPHP\entrance.php 第 13 行.
NOTIC: [8] Undefined variable: action E:\think\ThinkPHP\entrance.php 第 14 行.

[ 2017-06-08T17:35:10+08:00 ] 127.0.0.1 /Sun/User/verify?random=0.16023404289346077
INFO: [ app_begin ] --START--
INFO: Run Behavior\ReadHtmlCache [ RunTime:0.001001s ]
INFO: [ app_begin ] --END-- [ RunTime:0.001001s ]
INFO: [ app_end ] --START--
INFO: Run Behavior\ShowPageTrace [ RunTime:0.001000s ]
INFO: [ app_end ] --END-- [ RunTime:0.001000s ]
NOTIC: [8] Undefined variable: controller E:\think\ThinkPHP\entrance.php 第 3 行.
NOTIC: [8] Undefined variable: controller E:\think\ThinkPHP\entrance.php 第 13 行.
NOTIC: [8] Undefined variable: action E:\think\ThinkPHP\entrance.php 第 14 行.

[ 2017-06-08T17:35:10+08:00 ] 127.0.0.1 /Sun/User/verify?random=0.5960252374161856
INFO: [ app_begin ] --START--
INFO: Run Behavior\ReadHtmlCache [ RunTime:0.001000s ]
INFO: [ app_begin ] --END-- [ RunTime:0.001000s ]
INFO: [ app_end ] --START--
INFO: Run Behavior\ShowPageTrace [ RunTime:0.001001s ]
INFO: [ app_end ] --END-- [ RunTime:0.001001s ]
NOTIC: [8] Undefined variable: controller E:\think\ThinkPHP\entrance.php 第 3 行.
NOTIC: [8] Undefined variable: controller E:\think\ThinkPHP\entrance.php 第 13 行.
NOTIC: [8] Undefined variable: action E:\think\ThinkPHP\entrance.php 第 14 行.

[ 2017-06-08T17:35:11+08:00 ] 127.0.0.1 /Sun/User/verify?random=0.722645554639042
INFO: [ app_begin ] --START--
INFO: Run Behavior\ReadHtmlCache [ RunTime:0.000000s ]
INFO: [ app_begin ] --END-- [ RunTime:0.001000s ]
INFO: [ app_end ] --START--
INFO: Run Behavior\ShowPageTrace [ RunTime:0.001000s ]
INFO: [ app_end ] --END-- [ RunTime:0.001000s ]
NOTIC: [8] Undefined variable: controller E:\think\ThinkPHP\entrance.php 第 3 行.
NOTIC: [8] Undefined variable: controller E:\think\ThinkPHP\entrance.php 第 13 行.
NOTIC: [8] Undefined variable: action E:\think\ThinkPHP\entrance.php 第 14 行.

[ 2017-06-08T17:35:11+08:00 ] 127.0.0.1 /Sun/User/verify?random=0.4853165868179443
INFO: [ app_begin ] --START--
INFO: Run Behavior\ReadHtmlCache [ RunTime:0.000000s ]
INFO: [ app_begin ] --END-- [ RunTime:0.002000s ]
INFO: [ app_end ] --START--
INFO: Run Behavior\ShowPageTrace [ RunTime:0.001000s ]
INFO: [ app_end ] --END-- [ RunTime:0.001000s ]
NOTIC: [8] Undefined variable: controller E:\think\ThinkPHP\entrance.php 第 3 行.
NOTIC: [8] Undefined variable: controller E:\think\ThinkPHP\entrance.php 第 13 行.
NOTIC: [8] Undefined variable: action E:\think\ThinkPHP\entrance.php 第 14 行.

[ 2017-06-08T17:35:11+08:00 ] 127.0.0.1 /Sun/User/verify?random=0.4391124632006622
INFO: [ app_begin ] --START--
INFO: Run Behavior\ReadHtmlCache [ RunTime:0.001000s ]
INFO: [ app_begin ] --END-- [ RunTime:0.002000s ]
INFO: [ app_end ] --START--
INFO: Run Behavior\ShowPageTrace [ RunTime:0.001000s ]
INFO: [ app_end ] --END-- [ RunTime:0.001000s ]
NOTIC: [8] Undefined variable: controller E:\think\ThinkPHP\entrance.php 第 3 行.
NOTIC: [8] Undefined variable: controller E:\think\ThinkPHP\entrance.php 第 13 行.
NOTIC: [8] Undefined variable: action E:\think\ThinkPHP\entrance.php 第 14 行.

[ 2017-06-08T17:35:11+08:00 ] 127.0.0.1 /Sun/User/verify?random=0.48548715716662816
INFO: [ app_begin ] --START--
INFO: Run Behavior\ReadHtmlCache [ RunTime:0.001000s ]
INFO: [ app_begin ] --END-- [ RunTime:0.001000s ]
INFO: [ app_end ] --START--
INFO: Run Behavior\ShowPageTrace [ RunTime:0.001000s ]
INFO: [ app_end ] --END-- [ RunTime:0.001000s ]
NOTIC: [8] Undefined variable: controller E:\think\ThinkPHP\entrance.php 第 3 行.
NOTIC: [8] Undefined variable: controller E:\think\ThinkPHP\entrance.php 第 13 行.
NOTIC: [8] Undefined variable: action E:\think\ThinkPHP\entrance.php 第 14 行.

[ 2017-06-08T17:35:11+08:00 ] 127.0.0.1 /Sun/User/verify?random=0.1484366195814304
INFO: [ app_begin ] --START--
INFO: Run Behavior\ReadHtmlCache [ RunTime:0.001000s ]
INFO: [ app_begin ] --END-- [ RunTime:0.001000s ]
INFO: [ app_end ] --START--
INFO: Run Behavior\ShowPageTrace [ RunTime:0.001000s ]
INFO: [ app_end ] --END-- [ RunTime:0.001000s ]
NOTIC: [8] Undefined variable: controller E:\think\ThinkPHP\entrance.php 第 3 行.
NOTIC: [8] Undefined variable: controller E:\think\ThinkPHP\entrance.php 第 13 行.
NOTIC: [8] Undefined variable: action E:\think\ThinkPHP\entrance.php 第 14 行.

[ 2017-06-08T17:35:12+08:00 ] 127.0.0.1 /Sun/User/verify?random=0.8861714731027326
INFO: [ app_begin ] --START--
INFO: Run Behavior\ReadHtmlCache [ RunTime:0.001000s ]
INFO: [ app_begin ] --END-- [ RunTime:0.002000s ]
INFO: [ app_end ] --START--
INFO: Run Behavior\ShowPageTrace [ RunTime:0.001000s ]
INFO: [ app_end ] --END-- [ RunTime:0.001000s ]
NOTIC: [8] Undefined variable: controller E:\think\ThinkPHP\entrance.php 第 3 行.
NOTIC: [8] Undefined variable: controller E:\think\ThinkPHP\entrance.php 第 13 行.
NOTIC: [8] Undefined variable: action E:\think\ThinkPHP\entrance.php 第 14 行.

[ 2017-06-08T17:35:12+08:00 ] 127.0.0.1 /Sun/User/verify?random=0.5783117091973495
INFO: [ app_begin ] --START--
INFO: Run Behavior\ReadHtmlCache [ RunTime:0.001000s ]
INFO: [ app_begin ] --END-- [ RunTime:0.001000s ]
INFO: [ app_end ] --START--
INFO: Run Behavior\ShowPageTrace [ RunTime:0.001000s ]
INFO: [ app_end ] --END-- [ RunTime:0.001000s ]
NOTIC: [8] Undefined variable: controller E:\think\ThinkPHP\entrance.php 第 3 行.
NOTIC: [8] Undefined variable: controller E:\think\ThinkPHP\entrance.php 第 13 行.
NOTIC: [8] Undefined variable: action E:\think\ThinkPHP\entrance.php 第 14 行.

[ 2017-06-08T17:35:12+08:00 ] 127.0.0.1 /Sun/User/verify?random=0.11367516920093723
INFO: [ app_begin ] --START--
INFO: Run Behavior\ReadHtmlCache [ RunTime:0.000000s ]
INFO: [ app_begin ] --END-- [ RunTime:0.001000s ]
INFO: [ app_end ] --START--
INFO: Run Behavior\ShowPageTrace [ RunTime:0.001000s ]
INFO: [ app_end ] --END-- [ RunTime:0.001000s ]
NOTIC: [8] Undefined variable: controller E:\think\ThinkPHP\entrance.php 第 3 行.
NOTIC: [8] Undefined variable: controller E:\think\ThinkPHP\entrance.php 第 13 行.
NOTIC: [8] Undefined variable: action E:\think\ThinkPHP\entrance.php 第 14 行.

[ 2017-06-08T17:35:12+08:00 ] 127.0.0.1 /Sun/User/verify?random=0.08019738648960684
INFO: [ app_begin ] --START--
INFO: Run Behavior\ReadHtmlCache [ RunTime:0.000000s ]
INFO: [ app_begin ] --END-- [ RunTime:0.001000s ]
INFO: [ app_end ] --START--
INFO: Run Behavior\ShowPageTrace [ RunTime:0.001001s ]
INFO: [ app_end ] --END-- [ RunTime:0.001001s ]
NOTIC: [8] Undefined variable: controller E:\think\ThinkPHP\entrance.php 第 3 行.
NOTIC: [8] Undefined variable: controller E:\think\ThinkPHP\entrance.php 第 13 行.
NOTIC: [8] Undefined variable: action E:\think\ThinkPHP\entrance.php 第 14 行.

[ 2017-06-08T17:35:12+08:00 ] 127.0.0.1 /Sun/User/verify?random=0.3297196495089132
INFO: [ app_begin ] --START--
INFO: Run Behavior\ReadHtmlCache [ RunTime:0.001000s ]
INFO: [ app_begin ] --END-- [ RunTime:0.001000s ]
INFO: [ app_end ] --START--
INFO: Run Behavior\ShowPageTrace [ RunTime:0.001000s ]
INFO: [ app_end ] --END-- [ RunTime:0.001000s ]
NOTIC: [8] Undefined variable: controller E:\think\ThinkPHP\entrance.php 第 3 行.
NOTIC: [8] Undefined variable: controller E:\think\ThinkPHP\entrance.php 第 13 行.
NOTIC: [8] Undefined variable: action E:\think\ThinkPHP\entrance.php 第 14 行.

[ 2017-06-08T17:35:12+08:00 ] 127.0.0.1 /Sun/User/verify?random=0.3410729310765652
INFO: [ app_begin ] --START--
INFO: Run Behavior\ReadHtmlCache [ RunTime:0.001000s ]
INFO: [ app_begin ] --END-- [ RunTime:0.002000s ]
INFO: [ app_end ] --START--
INFO: Run Behavior\ShowPageTrace [ RunTime:0.001000s ]
INFO: [ app_end ] --END-- [ RunTime:0.001000s ]
NOTIC: [8] Undefined variable: controller E:\think\ThinkPHP\entrance.php 第 3 行.
NOTIC: [8] Undefined variable: controller E:\think\ThinkPHP\entrance.php 第 13 行.
NOTIC: [8] Undefined variable: action E:\think\ThinkPHP\entrance.php 第 14 行.

[ 2017-06-08T17:35:13+08:00 ] 127.0.0.1 /Sun/User/verify?random=0.7208934689103463
INFO: [ app_begin ] --START--
INFO: Run Behavior\ReadHtmlCache [ RunTime:0.001000s ]
INFO: [ app_begin ] --END-- [ RunTime:0.001000s ]
INFO: [ app_end ] --START--
INFO: Run Behavior\ShowPageTrace [ RunTime:0.001000s ]
INFO: [ app_end ] --END-- [ RunTime:0.001000s ]
NOTIC: [8] Undefined variable: controller E:\think\ThinkPHP\entrance.php 第 3 行.
NOTIC: [8] Undefined variable: controller E:\think\ThinkPHP\entrance.php 第 13 行.
NOTIC: [8] Undefined variable: action E:\think\ThinkPHP\entrance.php 第 14 行.

[ 2017-06-08T17:35:13+08:00 ] 127.0.0.1 /Sun/User/verify?random=0.856638962575734
INFO: [ app_begin ] --START--
INFO: Run Behavior\ReadHtmlCache [ RunTime:0.001001s ]
INFO: [ app_begin ] --END-- [ RunTime:0.001001s ]
INFO: [ app_end ] --START--
INFO: Run Behavior\ShowPageTrace [ RunTime:0.000000s ]
INFO: [ app_end ] --END-- [ RunTime:0.001000s ]
NOTIC: [8] Undefined variable: controller E:\think\ThinkPHP\entrance.php 第 3 行.
NOTIC: [8] Undefined variable: controller E:\think\ThinkPHP\entrance.php 第 13 行.
NOTIC: [8] Undefined variable: action E:\think\ThinkPHP\entrance.php 第 14 行.

[ 2017-06-08T17:35:13+08:00 ] 127.0.0.1 /Sun/User/verify?random=0.7460040544576061
INFO: [ app_begin ] --START--
INFO: Run Behavior\ReadHtmlCache [ RunTime:0.001000s ]
INFO: [ app_begin ] --END-- [ RunTime:0.001000s ]
INFO: [ app_end ] --START--
INFO: Run Behavior\ShowPageTrace [ RunTime:0.001000s ]
INFO: [ app_end ] --END-- [ RunTime:0.001000s ]
NOTIC: [8] Undefined variable: controller E:\think\ThinkPHP\entrance.php 第 3 行.
NOTIC: [8] Undefined variable: controller E:\think\ThinkPHP\entrance.php 第 13 行.
NOTIC: [8] Undefined variable: action E:\think\ThinkPHP\entrance.php 第 14 行.

[ 2017-06-08T17:35:15+08:00 ] 127.0.0.1 /Sun/User/verify?random=0.9960053379980096
INFO: [ app_begin ] --START--
INFO: Run Behavior\ReadHtmlCache [ RunTime:0.000000s ]
INFO: [ app_begin ] --END-- [ RunTime:0.001000s ]
INFO: [ app_end ] --START--
INFO: Run Behavior\ShowPageTrace [ RunTime:0.001000s ]
INFO: [ app_end ] --END-- [ RunTime:0.001000s ]
NOTIC: [8] Undefined variable: controller E:\think\ThinkPHP\entrance.php 第 3 行.
NOTIC: [8] Undefined variable: controller E:\think\ThinkPHP\entrance.php 第 13 行.
NOTIC: [8] Undefined variable: action E:\think\ThinkPHP\entrance.php 第 14 行.

[ 2017-06-08T17:35:15+08:00 ] 127.0.0.1 /Sun/User/verify?random=0.09504092919928264
INFO: [ app_begin ] --START--
INFO: Run Behavior\ReadHtmlCache [ RunTime:0.001000s ]
INFO: [ app_begin ] --END-- [ RunTime:0.001000s ]
INFO: [ app_end ] --START--
INFO: Run Behavior\ShowPageTrace [ RunTime:0.001000s ]
INFO: [ app_end ] --END-- [ RunTime:0.001000s ]
NOTIC: [8] Undefined variable: controller E:\think\ThinkPHP\entrance.php 第 3 行.
NOTIC: [8] Undefined variable: controller E:\think\ThinkPHP\entrance.php 第 13 行.
NOTIC: [8] Undefined variable: action E:\think\ThinkPHP\entrance.php 第 14 行.

[ 2017-06-08T17:35:16+08:00 ] 127.0.0.1 /Sun/User/verify?random=0.036392202293536124
INFO: [ app_begin ] --START--
INFO: Run Behavior\ReadHtmlCache [ RunTime:0.001000s ]
INFO: [ app_begin ] --END-- [ RunTime:0.001000s ]
INFO: [ app_end ] --START--
INFO: Run Behavior\ShowPageTrace [ RunTime:0.000000s ]
INFO: [ app_end ] --END-- [ RunTime:0.000000s ]
NOTIC: [8] Undefined variable: controller E:\think\ThinkPHP\entrance.php 第 3 行.
NOTIC: [8] Undefined variable: controller E:\think\ThinkPHP\entrance.php 第 13 行.
NOTIC: [8] Undefined variable: action E:\think\ThinkPHP\entrance.php 第 14 行.

[ 2017-06-08T17:35:16+08:00 ] 127.0.0.1 /Sun/User/verify?random=0.8524517448456723
INFO: [ app_begin ] --START--
INFO: Run Behavior\ReadHtmlCache [ RunTime:0.000000s ]
INFO: [ app_begin ] --END-- [ RunTime:0.001000s ]
INFO: [ app_end ] --START--
INFO: Run Behavior\ShowPageTrace [ RunTime:0.001000s ]
INFO: [ app_end ] --END-- [ RunTime:0.001000s ]
NOTIC: [8] Undefined variable: controller E:\think\ThinkPHP\entrance.php 第 3 行.
NOTIC: [8] Undefined variable: controller E:\think\ThinkPHP\entrance.php 第 13 行.
NOTIC: [8] Undefined variable: action E:\think\ThinkPHP\entrance.php 第 14 行.

[ 2017-06-08T17:35:16+08:00 ] 127.0.0.1 /Sun/User/verify?random=0.6129254300752063
INFO: [ app_begin ] --START--
INFO: Run Behavior\ReadHtmlCache [ RunTime:0.000000s ]
INFO: [ app_begin ] --END-- [ RunTime:0.001000s ]
INFO: [ app_end ] --START--
INFO: Run Behavior\ShowPageTrace [ RunTime:0.001000s ]
INFO: [ app_end ] --END-- [ RunTime:0.001000s ]
NOTIC: [8] Undefined variable: controller E:\think\ThinkPHP\entrance.php 第 3 行.
NOTIC: [8] Undefined variable: controller E:\think\ThinkPHP\entrance.php 第 13 行.
NOTIC: [8] Undefined variable: action E:\think\ThinkPHP\entrance.php 第 14 行.

[ 2017-06-08T17:35:16+08:00 ] 127.0.0.1 /Sun/User/verify?random=0.9518967010662676
INFO: [ app_begin ] --START--
INFO: Run Behavior\ReadHtmlCache [ RunTime:0.000000s ]
INFO: [ app_begin ] --END-- [ RunTime:0.002000s ]
INFO: [ app_end ] --START--
INFO: Run Behavior\ShowPageTrace [ RunTime:0.000000s ]
INFO: [ app_end ] --END-- [ RunTime:0.001000s ]
NOTIC: [8] Undefined variable: controller E:\think\ThinkPHP\entrance.php 第 3 行.
NOTIC: [8] Undefined variable: controller E:\think\ThinkPHP\entrance.php 第 13 行.
NOTIC: [8] Undefined variable: action E:\think\ThinkPHP\entrance.php 第 14 行.

[ 2017-06-08T17:35:16+08:00 ] 127.0.0.1 /Sun/User/verify?random=0.3603410775420821
INFO: [ app_begin ] --START--
INFO: Run Behavior\ReadHtmlCache [ RunTime:0.001000s ]
INFO: [ app_begin ] --END-- [ RunTime:0.001000s ]
INFO: [ app_end ] --START--
INFO: Run Behavior\ShowPageTrace [ RunTime:0.001000s ]
INFO: [ app_end ] --END-- [ RunTime:0.001000s ]
NOTIC: [8] Undefined variable: controller E:\think\ThinkPHP\entrance.php 第 3 行.
NOTIC: [8] Undefined variable: controller E:\think\ThinkPHP\entrance.php 第 13 行.
NOTIC: [8] Undefined variable: action E:\think\ThinkPHP\entrance.php 第 14 行.

[ 2017-06-08T17:35:17+08:00 ] 127.0.0.1 /Sun/User/verify?random=0.7669200147379458
INFO: [ app_begin ] --START--
INFO: Run Behavior\ReadHtmlCache [ RunTime:0.001000s ]
INFO: [ app_begin ] --END-- [ RunTime:0.002000s ]
INFO: [ app_end ] --START--
INFO: Run Behavior\ShowPageTrace [ RunTime:0.001000s ]
INFO: [ app_end ] --END-- [ RunTime:0.001000s ]
NOTIC: [8] Undefined variable: controller E:\think\ThinkPHP\entrance.php 第 3 行.
NOTIC: [8] Undefined variable: controller E:\think\ThinkPHP\entrance.php 第 13 行.
NOTIC: [8] Undefined variable: action E:\think\ThinkPHP\entrance.php 第 14 行.

[ 2017-06-08T17:35:17+08:00 ] 127.0.0.1 /Sun/User/verify?random=0.6377492252400998
INFO: [ app_begin ] --START--
INFO: Run Behavior\ReadHtmlCache [ RunTime:0.000000s ]
INFO: [ app_begin ] --END-- [ RunTime:0.001000s ]
INFO: [ app_end ] --START--
INFO: Run Behavior\ShowPageTrace [ RunTime:0.001000s ]
INFO: [ app_end ] --END-- [ RunTime:0.001000s ]
NOTIC: [8] Undefined variable: controller E:\think\ThinkPHP\entrance.php 第 3 行.
NOTIC: [8] Undefined variable: controller E:\think\ThinkPHP\entrance.php 第 13 行.
NOTIC: [8] Undefined variable: action E:\think\ThinkPHP\entrance.php 第 14 行.

[ 2017-06-08T17:35:17+08:00 ] 127.0.0.1 /Sun/User/verify?random=0.7047011519111746
INFO: [ app_begin ] --START--
INFO: Run Behavior\ReadHtmlCache [ RunTime:0.001000s ]
INFO: [ app_begin ] --END-- [ RunTime:0.002000s ]
INFO: [ app_end ] --START--
INFO: Run Behavior\ShowPageTrace [ RunTime:0.001000s ]
INFO: [ app_end ] --END-- [ RunTime:0.001000s ]
NOTIC: [8] Undefined variable: controller E:\think\ThinkPHP\entrance.php 第 3 行.
NOTIC: [8] Undefined variable: controller E:\think\ThinkPHP\entrance.php 第 13 行.
NOTIC: [8] Undefined variable: action E:\think\ThinkPHP\entrance.php 第 14 行.

[ 2017-06-08T17:35:17+08:00 ] 127.0.0.1 /Sun/User/verify?random=0.3171532445747498
INFO: [ app_begin ] --START--
INFO: Run Behavior\ReadHtmlCache [ RunTime:0.001000s ]
INFO: [ app_begin ] --END-- [ RunTime:0.001000s ]
INFO: [ app_end ] --START--
INFO: Run Behavior\ShowPageTrace [ RunTime:0.001000s ]
INFO: [ app_end ] --END-- [ RunTime:0.001000s ]
NOTIC: [8] Undefined variable: controller E:\think\ThinkPHP\entrance.php 第 3 行.
NOTIC: [8] Undefined variable: controller E:\think\ThinkPHP\entrance.php 第 13 行.
NOTIC: [8] Undefined variable: action E:\think\ThinkPHP\entrance.php 第 14 行.

[ 2017-06-08T17:35:19+08:00 ] 127.0.0.1 /Sun/User/verify?random=0.641843554902245
INFO: [ app_begin ] --START--
INFO: Run Behavior\ReadHtmlCache [ RunTime:0.001000s ]
INFO: [ app_begin ] --END-- [ RunTime:0.002000s ]
INFO: [ app_end ] --START--
INFO: Run Behavior\ShowPageTrace [ RunTime:0.001000s ]
INFO: [ app_end ] --END-- [ RunTime:0.001000s ]
NOTIC: [8] Undefined variable: controller E:\think\ThinkPHP\entrance.php 第 3 行.
NOTIC: [8] Undefined variable: controller E:\think\ThinkPHP\entrance.php 第 13 行.
NOTIC: [8] Undefined variable: action E:\think\ThinkPHP\entrance.php 第 14 行.

[ 2017-06-08T17:35:19+08:00 ] 127.0.0.1 /Sun/User/verify?random=0.7833782801389728
INFO: [ app_begin ] --START--
INFO: Run Behavior\ReadHtmlCache [ RunTime:0.002000s ]
INFO: [ app_begin ] --END-- [ RunTime:0.002000s ]
INFO: [ app_end ] --START--
INFO: Run Behavior\ShowPageTrace [ RunTime:0.001000s ]
INFO: [ app_end ] --END-- [ RunTime:0.001000s ]
NOTIC: [8] Undefined variable: controller E:\think\ThinkPHP\entrance.php 第 3 行.
NOTIC: [8] Undefined variable: controller E:\think\ThinkPHP\entrance.php 第 13 行.
NOTIC: [8] Undefined variable: action E:\think\ThinkPHP\entrance.php 第 14 行.

[ 2017-06-08T17:35:19+08:00 ] 127.0.0.1 /Sun/User/verify?random=0.46175279665591007
INFO: [ app_begin ] --START--
INFO: Run Behavior\ReadHtmlCache [ RunTime:0.001000s ]
INFO: [ app_begin ] --END-- [ RunTime:0.001000s ]
INFO: [ app_end ] --START--
INFO: Run Behavior\ShowPageTrace [ RunTime:0.001000s ]
INFO: [ app_end ] --END-- [ RunTime:0.001000s ]
NOTIC: [8] Undefined variable: controller E:\think\ThinkPHP\entrance.php 第 3 行.
NOTIC: [8] Undefined variable: controller E:\think\ThinkPHP\entrance.php 第 13 行.
NOTIC: [8] Undefined variable: action E:\think\ThinkPHP\entrance.php 第 14 行.

[ 2017-06-08T17:35:20+08:00 ] 127.0.0.1 /Sun/User/verify?random=0.6031147174767371
INFO: [ app_begin ] --START--
INFO: Run Behavior\ReadHtmlCache [ RunTime:0.001001s ]
INFO: [ app_begin ] --END-- [ RunTime:0.001001s ]
INFO: [ app_end ] --START--
INFO: Run Behavior\ShowPageTrace [ RunTime:0.002000s ]
INFO: [ app_end ] --END-- [ RunTime:0.002000s ]
NOTIC: [8] Undefined variable: controller E:\think\ThinkPHP\entrance.php 第 3 行.
NOTIC: [8] Undefined variable: controller E:\think\ThinkPHP\entrance.php 第 13 行.
NOTIC: [8] Undefined variable: action E:\think\ThinkPHP\entrance.php 第 14 行.

[ 2017-06-08T17:35:20+08:00 ] 127.0.0.1 /Sun/User/verify?random=0.01052819258491744
INFO: [ app_begin ] --START--
INFO: Run Behavior\ReadHtmlCache [ RunTime:0.001000s ]
INFO: [ app_begin ] --END-- [ RunTime:0.002000s ]
INFO: [ app_end ] --START--
INFO: Run Behavior\ShowPageTrace [ RunTime:0.000000s ]
INFO: [ app_end ] --END-- [ RunTime:0.000000s ]
NOTIC: [8] Undefined variable: controller E:\think\ThinkPHP\entrance.php 第 3 行.
NOTIC: [8] Undefined variable: controller E:\think\ThinkPHP\entrance.php 第 13 行.
NOTIC: [8] Undefined variable: action E:\think\ThinkPHP\entrance.php 第 14 行.

[ 2017-06-08T17:35:20+08:00 ] 127.0.0.1 /Sun/User/verify?random=0.6063816797051211
INFO: [ app_begin ] --START--
INFO: Run Behavior\ReadHtmlCache [ RunTime:0.001000s ]
INFO: [ app_begin ] --END-- [ RunTime:0.001000s ]
INFO: [ app_end ] --START--
INFO: Run Behavior\ShowPageTrace [ RunTime:0.001000s ]
INFO: [ app_end ] --END-- [ RunTime:0.001000s ]
NOTIC: [8] Undefined variable: controller E:\think\ThinkPHP\entrance.php 第 3 行.
NOTIC: [8] Undefined variable: controller E:\think\ThinkPHP\entrance.php 第 13 行.
NOTIC: [8] Undefined variable: action E:\think\ThinkPHP\entrance.php 第 14 行.

[ 2017-06-08T17:35:20+08:00 ] 127.0.0.1 /Sun/User/verify?random=0.11641141425235402
INFO: [ app_begin ] --START--
INFO: Run Behavior\ReadHtmlCache [ RunTime:0.001000s ]
INFO: [ app_begin ] --END-- [ RunTime:0.001000s ]
INFO: [ app_end ] --START--
INFO: Run Behavior\ShowPageTrace [ RunTime:0.000000s ]
INFO: [ app_end ] --END-- [ RunTime:0.000000s ]
NOTIC: [8] Undefined variable: controller E:\think\ThinkPHP\entrance.php 第 3 行.
NOTIC: [8] Undefined variable: controller E:\think\ThinkPHP\entrance.php 第 13 行.
NOTIC: [8] Undefined variable: action E:\think\ThinkPHP\entrance.php 第 14 行.

[ 2017-06-08T17:35:20+08:00 ] 127.0.0.1 /Sun/User/verify?random=0.689359943219028
INFO: [ app_begin ] --START--
INFO: Run Behavior\ReadHtmlCache [ RunTime:0.001000s ]
INFO: [ app_begin ] --END-- [ RunTime:0.002000s ]
INFO: [ app_end ] --START--
INFO: Run Behavior\ShowPageTrace [ RunTime:0.001000s ]
INFO: [ app_end ] --END-- [ RunTime:0.001000s ]
NOTIC: [8] Undefined variable: controller E:\think\ThinkPHP\entrance.php 第 3 行.
NOTIC: [8] Undefined variable: controller E:\think\ThinkPHP\entrance.php 第 13 行.
NOTIC: [8] Undefined variable: action E:\think\ThinkPHP\entrance.php 第 14 行.

[ 2017-06-08T17:35:21+08:00 ] 127.0.0.1 /Sun/User/verify?random=0.6797507250955055
INFO: [ app_begin ] --START--
INFO: Run Behavior\ReadHtmlCache [ RunTime:0.001000s ]
INFO: [ app_begin ] --END-- [ RunTime:0.001000s ]
INFO: [ app_end ] --START--
INFO: Run Behavior\ShowPageTrace [ RunTime:0.001000s ]
INFO: [ app_end ] --END-- [ RunTime:0.001000s ]
NOTIC: [8] Undefined variable: controller E:\think\ThinkPHP\entrance.php 第 3 行.
NOTIC: [8] Undefined variable: controller E:\think\ThinkPHP\entrance.php 第 13 行.
NOTIC: [8] Undefined variable: action E:\think\ThinkPHP\entrance.php 第 14 行.

[ 2017-06-08T17:35:21+08:00 ] 127.0.0.1 /Sun/User/verify?random=0.6582700863909878
INFO: [ app_begin ] --START--
INFO: Run Behavior\ReadHtmlCache [ RunTime:0.000000s ]
INFO: [ app_begin ] --END-- [ RunTime:0.001000s ]
INFO: [ app_end ] --START--
INFO: Run Behavior\ShowPageTrace [ RunTime:0.001000s ]
INFO: [ app_end ] --END-- [ RunTime:0.001000s ]
NOTIC: [8] Undefined variable: controller E:\think\ThinkPHP\entrance.php 第 3 行.
NOTIC: [8] Undefined variable: controller E:\think\ThinkPHP\entrance.php 第 13 行.
NOTIC: [8] Undefined variable: action E:\think\ThinkPHP\entrance.php 第 14 行.

[ 2017-06-08T17:35:21+08:00 ] 127.0.0.1 /Sun/User/verify?random=0.6351861255072859
INFO: [ app_begin ] --START--
INFO: Run Behavior\ReadHtmlCache [ RunTime:0.001000s ]
INFO: [ app_begin ] --END-- [ RunTime:0.001000s ]
INFO: [ app_end ] --START--
INFO: Run Behavior\ShowPageTrace [ RunTime:0.001000s ]
INFO: [ app_end ] --END-- [ RunTime:0.001000s ]
NOTIC: [8] Undefined variable: controller E:\think\ThinkPHP\entrance.php 第 3 行.
NOTIC: [8] Undefined variable: controller E:\think\ThinkPHP\entrance.php 第 13 行.
NOTIC: [8] Undefined variable: action E:\think\ThinkPHP\entrance.php 第 14 行.

[ 2017-06-08T17:35:21+08:00 ] 127.0.0.1 /Sun/User/verify?random=0.3726597543592942
INFO: [ app_begin ] --START--
INFO: Run Behavior\ReadHtmlCache [ RunTime:0.001000s ]
INFO: [ app_begin ] --END-- [ RunTime:0.001000s ]
INFO: [ app_end ] --START--
INFO: Run Behavior\ShowPageTrace [ RunTime:0.001000s ]
INFO: [ app_end ] --END-- [ RunTime:0.001000s ]
NOTIC: [8] Undefined variable: controller E:\think\ThinkPHP\entrance.php 第 3 行.
NOTIC: [8] Undefined variable: controller E:\think\ThinkPHP\entrance.php 第 13 行.
NOTIC: [8] Undefined variable: action E:\think\ThinkPHP\entrance.php 第 14 行.

[ 2017-06-08T17:35:21+08:00 ] 127.0.0.1 /Sun/User/verify?random=0.1033725049708425
INFO: [ app_begin ] --START--
INFO: Run Behavior\ReadHtmlCache [ RunTime:0.000000s ]
INFO: [ app_begin ] --END-- [ RunTime:0.002000s ]
INFO: [ app_end ] --START--
INFO: Run Behavior\ShowPageTrace [ RunTime:0.001000s ]
INFO: [ app_end ] --END-- [ RunTime:0.001000s ]
NOTIC: [8] Undefined variable: controller E:\think\ThinkPHP\entrance.php 第 3 行.
NOTIC: [8] Undefined variable: controller E:\think\ThinkPHP\entrance.php 第 13 行.
NOTIC: [8] Undefined variable: action E:\think\ThinkPHP\entrance.php 第 14 行.

[ 2017-06-08T17:35:22+08:00 ] 127.0.0.1 /Sun/User/verify?random=0.5711313757872221
INFO: [ app_begin ] --START--
INFO: Run Behavior\ReadHtmlCache [ RunTime:0.000000s ]
INFO: [ app_begin ] --END-- [ RunTime:0.001000s ]
INFO: [ app_end ] --START--
INFO: Run Behavior\ShowPageTrace [ RunTime:0.001000s ]
INFO: [ app_end ] --END-- [ RunTime:0.001000s ]
NOTIC: [8] Undefined variable: controller E:\think\ThinkPHP\entrance.php 第 3 行.
NOTIC: [8] Undefined variable: controller E:\think\ThinkPHP\entrance.php 第 13 行.
NOTIC: [8] Undefined variable: action E:\think\ThinkPHP\entrance.php 第 14 行.

[ 2017-06-08T17:35:22+08:00 ] 127.0.0.1 /Sun/User/verify?random=0.5210250378138304
INFO: [ app_begin ] --START--
INFO: Run Behavior\ReadHtmlCache [ RunTime:0.001000s ]
INFO: [ app_begin ] --END-- [ RunTime:0.001000s ]
INFO: [ app_end ] --START--
INFO: Run Behavior\ShowPageTrace [ RunTime:0.001000s ]
INFO: [ app_end ] --END-- [ RunTime:0.001000s ]
NOTIC: [8] Undefined variable: controller E:\think\ThinkPHP\entrance.php 第 3 行.
NOTIC: [8] Undefined variable: controller E:\think\ThinkPHP\entrance.php 第 13 行.
NOTIC: [8] Undefined variable: action E:\think\ThinkPHP\entrance.php 第 14 行.

[ 2017-06-08T17:35:22+08:00 ] 127.0.0.1 /Sun/User/verify?random=0.6221459249230399
INFO: [ app_begin ] --START--
INFO: Run Behavior\ReadHtmlCache [ RunTime:0.001000s ]
INFO: [ app_begin ] --END-- [ RunTime:0.002000s ]
INFO: [ app_end ] --START--
INFO: Run Behavior\ShowPageTrace [ RunTime:0.001000s ]
INFO: [ app_end ] --END-- [ RunTime:0.001000s ]
NOTIC: [8] Undefined variable: controller E:\think\ThinkPHP\entrance.php 第 3 行.
NOTIC: [8] Undefined variable: controller E:\think\ThinkPHP\entrance.php 第 13 行.
NOTIC: [8] Undefined variable: action E:\think\ThinkPHP\entrance.php 第 14 行.

[ 2017-06-08T17:35:22+08:00 ] 127.0.0.1 /Sun/User/verify?random=0.15447317791855575
INFO: [ app_begin ] --START--
INFO: Run Behavior\ReadHtmlCache [ RunTime:0.001000s ]
INFO: [ app_begin ] --END-- [ RunTime:0.002000s ]
INFO: [ app_end ] --START--
INFO: Run Behavior\ShowPageTrace [ RunTime:0.000000s ]
INFO: [ app_end ] --END-- [ RunTime:0.000000s ]
NOTIC: [8] Undefined variable: controller E:\think\ThinkPHP\entrance.php 第 3 行.
NOTIC: [8] Undefined variable: controller E:\think\ThinkPHP\entrance.php 第 13 行.
NOTIC: [8] Undefined variable: action E:\think\ThinkPHP\entrance.php 第 14 行.

[ 2017-06-08T17:35:22+08:00 ] 127.0.0.1 /Sun/User/verify?random=0.5014831975820475
INFO: [ app_begin ] --START--
INFO: Run Behavior\ReadHtmlCache [ RunTime:0.001000s ]
INFO: [ app_begin ] --END-- [ RunTime:0.002000s ]
INFO: [ app_end ] --START--
INFO: Run Behavior\ShowPageTrace [ RunTime:0.001000s ]
INFO: [ app_end ] --END-- [ RunTime:0.001000s ]
NOTIC: [8] Undefined variable: controller E:\think\ThinkPHP\entrance.php 第 3 行.
NOTIC: [8] Undefined variable: controller E:\think\ThinkPHP\entrance.php 第 13 行.
NOTIC: [8] Undefined variable: action E:\think\ThinkPHP\entrance.php 第 14 行.

[ 2017-06-08T17:35:23+08:00 ] 127.0.0.1 /Sun/User/verify?random=0.26989020141864684
INFO: [ app_begin ] --START--
INFO: Run Behavior\ReadHtmlCache [ RunTime:0.000000s ]
INFO: [ app_begin ] --END-- [ RunTime:0.002000s ]
INFO: [ app_end ] --START--
INFO: Run Behavior\ShowPageTrace [ RunTime:0.001000s ]
INFO: [ app_end ] --END-- [ RunTime:0.001000s ]
NOTIC: [8] Undefined variable: controller E:\think\ThinkPHP\entrance.php 第 3 行.
NOTIC: [8] Undefined variable: controller E:\think\ThinkPHP\entrance.php 第 13 行.
NOTIC: [8] Undefined variable: action E:\think\ThinkPHP\entrance.php 第 14 行.

[ 2017-06-08T17:35:23+08:00 ] 127.0.0.1 /Sun/User/verify?random=0.9618675502999332
INFO: [ app_begin ] --START--
INFO: Run Behavior\ReadHtmlCache [ RunTime:0.001000s ]
INFO: [ app_begin ] --END-- [ RunTime:0.002000s ]
INFO: [ app_end ] --START--
INFO: Run Behavior\ShowPageTrace [ RunTime:0.000000s ]
INFO: [ app_end ] --END-- [ RunTime:0.000000s ]
NOTIC: [8] Undefined variable: controller E:\think\ThinkPHP\entrance.php 第 3 行.
NOTIC: [8] Undefined variable: controller E:\think\ThinkPHP\entrance.php 第 13 行.
NOTIC: [8] Undefined variable: action E:\think\ThinkPHP\entrance.php 第 14 行.

[ 2017-06-08T17:35:23+08:00 ] 127.0.0.1 /Sun/User/verify?random=0.1558337724955725
INFO: [ app_begin ] --START--
INFO: Run Behavior\ReadHtmlCache [ RunTime:0.001000s ]
INFO: [ app_begin ] --END-- [ RunTime:0.001000s ]
INFO: [ app_end ] --START--
INFO: Run Behavior\ShowPageTrace [ RunTime:0.001000s ]
INFO: [ app_end ] --END-- [ RunTime:0.001000s ]
NOTIC: [8] Undefined variable: controller E:\think\ThinkPHP\entrance.php 第 3 行.
NOTIC: [8] Undefined variable: controller E:\think\ThinkPHP\entrance.php 第 13 行.
NOTIC: [8] Undefined variable: action E:\think\ThinkPHP\entrance.php 第 14 行.

[ 2017-06-08T17:35:23+08:00 ] 127.0.0.1 /Sun/User/verify?random=0.37718439547416627
INFO: [ app_begin ] --START--
INFO: Run Behavior\ReadHtmlCache [ RunTime:0.000000s ]
INFO: [ app_begin ] --END-- [ RunTime:0.000000s ]
INFO: [ app_end ] --START--
INFO: Run Behavior\ShowPageTrace [ RunTime:0.001000s ]
INFO: [ app_end ] --END-- [ RunTime:0.001000s ]
NOTIC: [8] Undefined variable: controller E:\think\ThinkPHP\entrance.php 第 3 行.
NOTIC: [8] Undefined variable: controller E:\think\ThinkPHP\entrance.php 第 13 行.
NOTIC: [8] Undefined variable: action E:\think\ThinkPHP\entrance.php 第 14 行.

[ 2017-06-08T17:35:24+08:00 ] 127.0.0.1 /Sun/User/verify?random=0.6840578637412666
INFO: [ app_begin ] --START--
INFO: Run Behavior\ReadHtmlCache [ RunTime:0.001000s ]
INFO: [ app_begin ] --END-- [ RunTime:0.001000s ]
INFO: [ app_end ] --START--
INFO: Run Behavior\ShowPageTrace [ RunTime:0.001000s ]
INFO: [ app_end ] --END-- [ RunTime:0.001000s ]
NOTIC: [8] Undefined variable: controller E:\think\ThinkPHP\entrance.php 第 3 行.
NOTIC: [8] Undefined variable: controller E:\think\ThinkPHP\entrance.php 第 13 行.
NOTIC: [8] Undefined variable: action E:\think\ThinkPHP\entrance.php 第 14 行.

[ 2017-06-08T17:35:25+08:00 ] 127.0.0.1 /Sun/User/verify?random=0.366461640114049
INFO: [ app_begin ] --START--
INFO: Run Behavior\ReadHtmlCache [ RunTime:0.001000s ]
INFO: [ app_begin ] --END-- [ RunTime:0.001000s ]
INFO: [ app_end ] --START--
INFO: Run Behavior\ShowPageTrace [ RunTime:0.000000s ]
INFO: [ app_end ] --END-- [ RunTime:0.000000s ]
NOTIC: [8] Undefined variable: controller E:\think\ThinkPHP\entrance.php 第 3 行.
NOTIC: [8] Undefined variable: controller E:\think\ThinkPHP\entrance.php 第 13 行.
NOTIC: [8] Undefined variable: action E:\think\ThinkPHP\entrance.php 第 14 行.

[ 2017-06-08T17:35:25+08:00 ] 127.0.0.1 /Sun/User/verify?random=0.8703032790275465
INFO: [ app_begin ] --START--
INFO: Run Behavior\ReadHtmlCache [ RunTime:0.000000s ]
INFO: [ app_begin ] --END-- [ RunTime:0.001000s ]
INFO: [ app_end ] --START--
INFO: Run Behavior\ShowPageTrace [ RunTime:0.000000s ]
INFO: [ app_end ] --END-- [ RunTime:0.000000s ]
NOTIC: [8] Undefined variable: controller E:\think\ThinkPHP\entrance.php 第 3 行.
NOTIC: [8] Undefined variable: controller E:\think\ThinkPHP\entrance.php 第 13 行.
NOTIC: [8] Undefined variable: action E:\think\ThinkPHP\entrance.php 第 14 行.

[ 2017-06-08T17:35:25+08:00 ] 127.0.0.1 /Sun/User/verify?random=0.6931637554524801
INFO: [ app_begin ] --START--
INFO: Run Behavior\ReadHtmlCache [ RunTime:0.001000s ]
INFO: [ app_begin ] --END-- [ RunTime:0.001000s ]
INFO: [ app_end ] --START--
INFO: Run Behavior\ShowPageTrace [ RunTime:0.000000s ]
INFO: [ app_end ] --END-- [ RunTime:0.000000s ]
NOTIC: [8] Undefined variable: controller E:\think\ThinkPHP\entrance.php 第 3 行.
NOTIC: [8] Undefined variable: controller E:\think\ThinkPHP\entrance.php 第 13 行.
NOTIC: [8] Undefined variable: action E:\think\ThinkPHP\entrance.php 第 14 行.

[ 2017-06-08T17:35:25+08:00 ] 127.0.0.1 /Sun/User/verify?random=0.18989144254589285
INFO: [ app_begin ] --START--
INFO: Run Behavior\ReadHtmlCache [ RunTime:0.001000s ]
INFO: [ app_begin ] --END-- [ RunTime:0.001000s ]
INFO: [ app_end ] --START--
INFO: Run Behavior\ShowPageTrace [ RunTime:0.001000s ]
INFO: [ app_end ] --END-- [ RunTime:0.001000s ]
NOTIC: [8] Undefined variable: controller E:\think\ThinkPHP\entrance.php 第 3 行.
NOTIC: [8] Undefined variable: controller E:\think\ThinkPHP\entrance.php 第 13 行.
NOTIC: [8] Undefined variable: action E:\think\ThinkPHP\entrance.php 第 14 行.

[ 2017-06-08T17:36:45+08:00 ] 127.0.0.1 /
INFO: [ app_begin ] --START--
INFO: Run Behavior\ReadHtmlCache [ RunTime:0.000000s ]
INFO: [ app_begin ] --END-- [ RunTime:0.001000s ]
SQL: SHOW COLUMNS FROM `test_users` [ RunTime:0.002000s ]
SQL: SELECT * FROM `test_users` WHERE ( `username` = '张飞' )  [ RunTime:0.000000s ]
INFO: [ view_parse ] --START--
INFO: [ template_filter ] --START--
INFO: Run Behavior\ContentReplace [ RunTime:0.000000s ]
INFO: [ template_filter ] --END-- [ RunTime:0.000000s ]
INFO: Run Behavior\ParseTemplate [ RunTime:0.005000s ]
INFO: [ view_parse ] --END-- [ RunTime:0.005000s ]
INFO: [ view_filter ] --START--
INFO: Run Behavior\WriteHtmlCache [ RunTime:0.001000s ]
INFO: [ view_filter ] --END-- [ RunTime:0.001000s ]
INFO: [ app_end ] --START--
INFO: Run Behavior\ShowPageTrace [ RunTime:0.000000s ]
INFO: [ app_end ] --END-- [ RunTime:0.000000s ]
NOTIC: [8] Undefined variable: controller E:\think\ThinkPHP\entrance.php 第 3 行.

[ 2017-06-08T17:36:45+08:00 ] 127.0.0.1 /Sun/User/users
INFO: [ app_begin ] --START--
INFO: Run Behavior\ReadHtmlCache [ RunTime:0.000000s ]
INFO: [ app_begin ] --END-- [ RunTime:0.001000s ]
SQL: SHOW COLUMNS FROM `test_users` [ RunTime:0.002000s ]
SQL: SELECT * FROM `test_users`  [ RunTime:0.001001s ]
INFO: [ view_parse ] --START--
INFO: [ template_filter ] --START--
INFO: Run Behavior\ContentReplace [ RunTime:0.000000s ]
INFO: [ template_filter ] --END-- [ RunTime:0.000000s ]
NOTIC: [8] Undefined variable: controller E:\think\Application\Runtime\Cache\Sun\d33f96384a99e6fa87a4877a4503fa70.php 第 34 行.
INFO: Run Behavior\ParseTemplate [ RunTime:0.010000s ]
INFO: [ view_parse ] --END-- [ RunTime:0.010000s ]
INFO: [ view_filter ] --START--
INFO: Run Behavior\WriteHtmlCache [ RunTime:0.000000s ]
INFO: [ view_filter ] --END-- [ RunTime:0.000000s ]
INFO: [ app_end ] --START--
INFO: Run Behavior\ShowPageTrace [ RunTime:0.001000s ]
INFO: [ app_end ] --END-- [ RunTime:0.001000s ]
NOTIC: [8] Undefined variable: controller E:\think\ThinkPHP\entrance.php 第 3 行.

[ 2017-06-08T17:36:56+08:00 ] 127.0.0.1 /Sun/User/change_status
INFO: [ app_begin ] --START--
INFO: Run Behavior\ReadHtmlCache [ RunTime:0.001000s ]
INFO: [ app_begin ] --END-- [ RunTime:0.001000s ]
SQL: SHOW COLUMNS FROM `test_users` [ RunTime:0.003000s ]
SQL: UPDATE `test_users` SET `status`=1 WHERE ( `id` = 34 ) [ RunTime:0.039002s ]

[ 2017-06-08T17:37:01+08:00 ] 127.0.0.1 /Sun/User/users
INFO: [ app_begin ] --START--
INFO: Run Behavior\ReadHtmlCache [ RunTime:0.000000s ]
INFO: [ app_begin ] --END-- [ RunTime:0.001000s ]
SQL: SHOW COLUMNS FROM `test_users` [ RunTime:0.003000s ]
SQL: SELECT * FROM `test_users`  [ RunTime:0.001000s ]
INFO: [ view_parse ] --START--
INFO: [ template_filter ] --START--
INFO: Run Behavior\ContentReplace [ RunTime:0.000000s ]
INFO: [ template_filter ] --END-- [ RunTime:0.001000s ]
NOTIC: [8] Undefined variable: controller E:\think\Application\Runtime\Cache\Sun\d33f96384a99e6fa87a4877a4503fa70.php 第 34 行.
INFO: Run Behavior\ParseTemplate [ RunTime:0.011001s ]
INFO: [ view_parse ] --END-- [ RunTime:0.011001s ]
INFO: [ view_filter ] --START--
INFO: Run Behavior\WriteHtmlCache [ RunTime:0.000000s ]
INFO: [ view_filter ] --END-- [ RunTime:0.000000s ]
INFO: [ app_end ] --START--
INFO: Run Behavior\ShowPageTrace [ RunTime:0.001000s ]
INFO: [ app_end ] --END-- [ RunTime:0.001000s ]
NOTIC: [8] Undefined variable: controller E:\think\ThinkPHP\entrance.php 第 3 行.

[ 2017-06-08T17:37:03+08:00 ] 127.0.0.1 /Sun/User/change_status
INFO: [ app_begin ] --START--
INFO: Run Behavior\ReadHtmlCache [ RunTime:0.001000s ]
INFO: [ app_begin ] --END-- [ RunTime:0.001000s ]
SQL: SHOW COLUMNS FROM `test_users` [ RunTime:0.004000s ]
SQL: UPDATE `test_users` SET `status`=1 WHERE ( `id` = 31 ) [ RunTime:0.000000s ]

[ 2017-06-08T17:37:04+08:00 ] 127.0.0.1 /Sun/User/users
INFO: [ app_begin ] --START--
INFO: Run Behavior\ReadHtmlCache [ RunTime:0.015600s ]
INFO: [ app_begin ] --END-- [ RunTime:0.015600s ]
SQL: SHOW COLUMNS FROM `test_users` [ RunTime:0.003000s ]
SQL: SELECT * FROM `test_users`  [ RunTime:0.000000s ]
INFO: [ view_parse ] --START--
INFO: [ template_filter ] --START--
INFO: Run Behavior\ContentReplace [ RunTime:0.001000s ]
INFO: [ template_filter ] --END-- [ RunTime:0.001000s ]
NOTIC: [8] Undefined variable: controller E:\think\Application\Runtime\Cache\Sun\d33f96384a99e6fa87a4877a4503fa70.php 第 34 行.
INFO: Run Behavior\ParseTemplate [ RunTime:0.012001s ]
INFO: [ view_parse ] --END-- [ RunTime:0.013001s ]
INFO: [ view_filter ] --START--
INFO: Run Behavior\WriteHtmlCache [ RunTime:0.000000s ]
INFO: [ view_filter ] --END-- [ RunTime:0.000000s ]
INFO: [ app_end ] --START--
INFO: Run Behavior\ShowPageTrace [ RunTime:0.001000s ]
INFO: [ app_end ] --END-- [ RunTime:0.001000s ]
NOTIC: [8] Undefined variable: controller E:\think\ThinkPHP\entrance.php 第 3 行.

[ 2017-06-08T17:37:11+08:00 ] 127.0.0.1 /Sun/User/users
INFO: [ app_begin ] --START--
INFO: Run Behavior\ReadHtmlCache [ RunTime:0.001000s ]
INFO: [ app_begin ] --END-- [ RunTime:0.001000s ]
SQL: SHOW COLUMNS FROM `test_users` [ RunTime:0.003000s ]
SQL: SELECT * FROM `test_users` WHERE ( `username` LIKE '%李金铭%' )  [ RunTime:0.000000s ]
INFO: [ view_parse ] --START--
INFO: [ template_filter ] --START--
INFO: Run Behavior\ContentReplace [ RunTime:0.000000s ]
INFO: [ template_filter ] --END-- [ RunTime:0.000000s ]
NOTIC: [8] Undefined variable: controller E:\think\Application\Runtime\Cache\Sun\d33f96384a99e6fa87a4877a4503fa70.php 第 34 行.
INFO: Run Behavior\ParseTemplate [ RunTime:0.011001s ]
INFO: [ view_parse ] --END-- [ RunTime:0.011001s ]
INFO: [ view_filter ] --START--
INFO: Run Behavior\WriteHtmlCache [ RunTime:0.000000s ]
INFO: [ view_filter ] --END-- [ RunTime:0.000000s ]
INFO: [ app_end ] --START--
INFO: Run Behavior\ShowPageTrace [ RunTime:0.000000s ]
INFO: [ app_end ] --END-- [ RunTime:0.001000s ]
NOTIC: [8] Undefined variable: controller E:\think\ThinkPHP\entrance.php 第 3 行.

[ 2017-06-08T17:37:17+08:00 ] 127.0.0.1 /Sun/User/users
INFO: [ app_begin ] --START--
INFO: Run Behavior\ReadHtmlCache [ RunTime:0.002000s ]
INFO: [ app_begin ] --END-- [ RunTime:0.002000s ]
SQL: SHOW COLUMNS FROM `test_users` [ RunTime:0.002001s ]
SQL: SELECT * FROM `test_users`  [ RunTime:0.001000s ]
INFO: [ view_parse ] --START--
INFO: [ template_filter ] --START--
INFO: Run Behavior\ContentReplace [ RunTime:0.000000s ]
INFO: [ template_filter ] --END-- [ RunTime:0.000000s ]
NOTIC: [8] Undefined variable: controller E:\think\Application\Runtime\Cache\Sun\d33f96384a99e6fa87a4877a4503fa70.php 第 34 行.
INFO: Run Behavior\ParseTemplate [ RunTime:0.011000s ]
INFO: [ view_parse ] --END-- [ RunTime:0.011000s ]
INFO: [ view_filter ] --START--
INFO: Run Behavior\WriteHtmlCache [ RunTime:0.000000s ]
INFO: [ view_filter ] --END-- [ RunTime:0.000000s ]
INFO: [ app_end ] --START--
INFO: Run Behavior\ShowPageTrace [ RunTime:0.001000s ]
INFO: [ app_end ] --END-- [ RunTime:0.001000s ]
NOTIC: [8] Undefined variable: controller E:\think\ThinkPHP\entrance.php 第 3 行.

[ 2017-06-08T17:47:40+08:00 ] 127.0.0.1 /
INFO: [ app_begin ] --START--
INFO: Run Behavior\ReadHtmlCache [ RunTime:0.001000s ]
INFO: [ app_begin ] --END-- [ RunTime:0.001000s ]
INFO: [ view_parse ] --START--
INFO: [ template_filter ] --START--
INFO: Run Behavior\ContentReplace [ RunTime:0.000000s ]
INFO: [ template_filter ] --END-- [ RunTime:0.000000s ]
INFO: Run Behavior\ParseTemplate [ RunTime:0.006001s ]
INFO: [ view_parse ] --END-- [ RunTime:0.006001s ]
INFO: [ view_filter ] --START--
INFO: Run Behavior\WriteHtmlCache [ RunTime:0.001000s ]
INFO: [ view_filter ] --END-- [ RunTime:0.001000s ]
INFO: [ app_end ] --START--
INFO: Run Behavior\ShowPageTrace [ RunTime:0.000000s ]
INFO: [ app_end ] --END-- [ RunTime:0.000000s ]
NOTIC: [8] Undefined variable: controller E:\think\ThinkPHP\entrance.php 第 3 行.

[ 2017-06-08T17:47:40+08:00 ] 127.0.0.1 /Sun/User/verify
INFO: [ app_begin ] --START--
INFO: Run Behavior\ReadHtmlCache [ RunTime:0.001000s ]
INFO: [ app_begin ] --END-- [ RunTime:0.002000s ]
INFO: [ app_end ] --START--
INFO: Run Behavior\ShowPageTrace [ RunTime:0.001000s ]
INFO: [ app_end ] --END-- [ RunTime:0.001000s ]
NOTIC: [8] Undefined variable: controller E:\think\ThinkPHP\entrance.php 第 3 行.

[ 2017-06-08T17:47:42+08:00 ] 127.0.0.1 /Sun/User/register
INFO: [ app_begin ] --START--
INFO: Run Behavior\ReadHtmlCache [ RunTime:0.000000s ]
INFO: [ app_begin ] --END-- [ RunTime:0.001000s ]
INFO: [ view_parse ] --START--
INFO: [ template_filter ] --START--
INFO: Run Behavior\ContentReplace [ RunTime:0.000000s ]
INFO: [ template_filter ] --END-- [ RunTime:0.001000s ]
INFO: Run Behavior\ParseTemplate [ RunTime:0.023001s ]
INFO: [ view_parse ] --END-- [ RunTime:0.023001s ]
INFO: [ view_filter ] --START--
INFO: Run Behavior\WriteHtmlCache [ RunTime:0.000000s ]
INFO: [ view_filter ] --END-- [ RunTime:0.001000s ]
INFO: [ app_end ] --START--
INFO: Run Behavior\ShowPageTrace [ RunTime:0.000000s ]
INFO: [ app_end ] --END-- [ RunTime:0.000000s ]
NOTIC: [8] Undefined variable: controller E:\think\ThinkPHP\entrance.php 第 3 行.

[ 2017-06-08T17:49:10+08:00 ] 127.0.0.1 /Sun/User/register
INFO: [ app_begin ] --START--
INFO: Run Behavior\ReadHtmlCache [ RunTime:0.000000s ]
INFO: [ app_begin ] --END-- [ RunTime:0.001000s ]
INFO: [ view_parse ] --START--
INFO: [ template_filter ] --START--
INFO: Run Behavior\ContentReplace [ RunTime:0.000000s ]
INFO: [ template_filter ] --END-- [ RunTime:0.000000s ]
INFO: Run Behavior\ParseTemplate [ RunTime:0.006001s ]
INFO: [ view_parse ] --END-- [ RunTime:0.007001s ]
INFO: [ view_filter ] --START--
INFO: Run Behavior\WriteHtmlCache [ RunTime:0.000000s ]
INFO: [ view_filter ] --END-- [ RunTime:0.000000s ]
INFO: [ app_end ] --START--
INFO: Run Behavior\ShowPageTrace [ RunTime:0.000000s ]
INFO: [ app_end ] --END-- [ RunTime:0.000000s ]
NOTIC: [8] Undefined variable: controller E:\think\ThinkPHP\entrance.php 第 3 行.

[ 2017-06-08T17:52:04+08:00 ] 127.0.0.1 /Sun/User/register
INFO: [ app_begin ] --START--
INFO: Run Behavior\ReadHtmlCache [ RunTime:0.001000s ]
INFO: [ app_begin ] --END-- [ RunTime:0.002000s ]
INFO: [ view_parse ] --START--
INFO: [ template_filter ] --START--
INFO: Run Behavior\ContentReplace [ RunTime:0.001000s ]
INFO: [ template_filter ] --END-- [ RunTime:0.001000s ]
INFO: Run Behavior\ParseTemplate [ RunTime:0.008000s ]
INFO: [ view_parse ] --END-- [ RunTime:0.008000s ]
INFO: [ view_filter ] --START--
INFO: Run Behavior\WriteHtmlCache [ RunTime:0.001000s ]
INFO: [ view_filter ] --END-- [ RunTime:0.001000s ]
INFO: [ app_end ] --START--
INFO: Run Behavior\ShowPageTrace [ RunTime:0.000000s ]
INFO: [ app_end ] --END-- [ RunTime:0.000000s ]
NOTIC: [8] Undefined variable: controller E:\think\ThinkPHP\entrance.php 第 3 行.

[ 2017-06-08T17:53:28+08:00 ] 127.0.0.1 /Sun/User/register
INFO: [ app_begin ] --START--
INFO: Run Behavior\ReadHtmlCache [ RunTime:0.000000s ]
INFO: [ app_begin ] --END-- [ RunTime:0.001000s ]
INFO: [ view_parse ] --START--
INFO: [ template_filter ] --START--
INFO: Run Behavior\ContentReplace [ RunTime:0.000000s ]
INFO: [ template_filter ] --END-- [ RunTime:0.000000s ]
INFO: Run Behavior\ParseTemplate [ RunTime:0.006000s ]
INFO: [ view_parse ] --END-- [ RunTime:0.007000s ]
INFO: [ view_filter ] --START--
INFO: Run Behavior\WriteHtmlCache [ RunTime:0.000000s ]
INFO: [ view_filter ] --END-- [ RunTime:0.000000s ]
INFO: [ app_end ] --START--
INFO: Run Behavior\ShowPageTrace [ RunTime:0.000000s ]
INFO: [ app_end ] --END-- [ RunTime:0.000000s ]
NOTIC: [8] Undefined variable: controller E:\think\ThinkPHP\entrance.php 第 3 行.

[ 2017-06-08T17:54:00+08:00 ] 127.0.0.1 /Sun/User/register
INFO: [ app_begin ] --START--
INFO: Run Behavior\ReadHtmlCache [ RunTime:0.001000s ]
INFO: [ app_begin ] --END-- [ RunTime:0.002000s ]
INFO: [ view_parse ] --START--
INFO: [ template_filter ] --START--
INFO: Run Behavior\ContentReplace [ RunTime:0.000000s ]
INFO: [ template_filter ] --END-- [ RunTime:0.000000s ]
INFO: Run Behavior\ParseTemplate [ RunTime:0.009000s ]
INFO: [ view_parse ] --END-- [ RunTime:0.009000s ]
INFO: [ view_filter ] --START--
INFO: Run Behavior\WriteHtmlCache [ RunTime:0.000000s ]
INFO: [ view_filter ] --END-- [ RunTime:0.000000s ]
INFO: [ app_end ] --START--
INFO: Run Behavior\ShowPageTrace [ RunTime:0.001000s ]
INFO: [ app_end ] --END-- [ RunTime:0.001000s ]
NOTIC: [8] Undefined variable: controller E:\think\ThinkPHP\entrance.php 第 3 行.

[ 2017-06-08T17:54:23+08:00 ] 127.0.0.1 /Sun/User/get_register_user_status
INFO: [ app_begin ] --START--
INFO: Run Behavior\ReadHtmlCache [ RunTime:0.001000s ]
INFO: [ app_begin ] --END-- [ RunTime:0.001000s ]
SQL: SHOW COLUMNS FROM `test_users` [ RunTime:0.002000s ]
SQL: SELECT * FROM `test_users` WHERE ( `username` = '迪丽热' )  [ RunTime:0.000000s ]

[ 2017-06-08T17:54:37+08:00 ] 127.0.0.1 /Sun/User/register
INFO: [ app_begin ] --START--
INFO: Run Behavior\ReadHtmlCache [ RunTime:0.000000s ]
INFO: [ app_begin ] --END-- [ RunTime:0.001000s ]
INFO: [ view_parse ] --START--
INFO: [ template_filter ] --START--
INFO: Run Behavior\ContentReplace [ RunTime:0.000000s ]
INFO: [ template_filter ] --END-- [ RunTime:0.000000s ]
INFO: Run Behavior\ParseTemplate [ RunTime:0.006001s ]
INFO: [ view_parse ] --END-- [ RunTime:0.006001s ]
INFO: [ view_filter ] --START--
INFO: Run Behavior\WriteHtmlCache [ RunTime:0.001000s ]
INFO: [ view_filter ] --END-- [ RunTime:0.001000s ]
INFO: [ app_end ] --START--
INFO: Run Behavior\ShowPageTrace [ RunTime:0.000000s ]
INFO: [ app_end ] --END-- [ RunTime:0.000000s ]
NOTIC: [8] Undefined variable: controller E:\think\ThinkPHP\entrance.php 第 3 行.

[ 2017-06-08T17:54:48+08:00 ] 127.0.0.1 /Sun/User/register
INFO: [ app_begin ] --START--
INFO: Run Behavior\ReadHtmlCache [ RunTime:0.000000s ]
INFO: [ app_begin ] --END-- [ RunTime:0.001000s ]
INFO: [ view_parse ] --START--
INFO: [ template_filter ] --START--
INFO: Run Behavior\ContentReplace [ RunTime:0.000000s ]
INFO: [ template_filter ] --END-- [ RunTime:0.000000s ]
INFO: Run Behavior\ParseTemplate [ RunTime:0.006001s ]
INFO: [ view_parse ] --END-- [ RunTime:0.006001s ]
INFO: [ view_filter ] --START--
INFO: Run Behavior\WriteHtmlCache [ RunTime:0.001000s ]
INFO: [ view_filter ] --END-- [ RunTime:0.001000s ]
INFO: [ app_end ] --START--
INFO: Run Behavior\ShowPageTrace [ RunTime:0.000000s ]
INFO: [ app_end ] --END-- [ RunTime:0.000000s ]
NOTIC: [8] Undefined variable: controller E:\think\ThinkPHP\entrance.php 第 3 行.

[ 2017-06-08T17:54:57+08:00 ] 127.0.0.1 /Sun/User/get_register_user_status
INFO: [ app_begin ] --START--
INFO: Run Behavior\ReadHtmlCache [ RunTime:0.000000s ]
INFO: [ app_begin ] --END-- [ RunTime:0.001000s ]
SQL: SHOW COLUMNS FROM `test_users` [ RunTime:0.003000s ]
SQL: SELECT * FROM `test_users` WHERE ( `username` = '迪丽热' )  [ RunTime:0.000000s ]

[ 2017-06-08T17:55:15+08:00 ] 127.0.0.1 /Sun/User/register
INFO: [ app_begin ] --START--
INFO: Run Behavior\ReadHtmlCache [ RunTime:0.001000s ]
INFO: [ app_begin ] --END-- [ RunTime:0.001000s ]
INFO: [ view_parse ] --START--
INFO: [ template_filter ] --START--
INFO: Run Behavior\ContentReplace [ RunTime:0.000000s ]
INFO: [ template_filter ] --END-- [ RunTime:0.000000s ]
INFO: Run Behavior\ParseTemplate [ RunTime:0.006001s ]
INFO: [ view_parse ] --END-- [ RunTime:0.006001s ]
INFO: [ view_filter ] --START--
INFO: Run Behavior\WriteHtmlCache [ RunTime:0.001000s ]
INFO: [ view_filter ] --END-- [ RunTime:0.001000s ]
INFO: [ app_end ] --START--
INFO: Run Behavior\ShowPageTrace [ RunTime:0.001000s ]
INFO: [ app_end ] --END-- [ RunTime:0.001000s ]
NOTIC: [8] Undefined variable: controller E:\think\ThinkPHP\entrance.php 第 3 行.

[ 2017-06-08T17:55:18+08:00 ] 127.0.0.1 /Sun/User/get_register_user_status
INFO: [ app_begin ] --START--
INFO: Run Behavior\ReadHtmlCache [ RunTime:0.000000s ]
INFO: [ app_begin ] --END-- [ RunTime:0.000000s ]
SQL: SHOW COLUMNS FROM `test_users` [ RunTime:0.000000s ]
SQL: SELECT * FROM `test_users` WHERE ( `username` = '迪丽热' )  [ RunTime:0.000000s ]

[ 2017-06-08T17:55:24+08:00 ] 127.0.0.1 /Sun/User/get_register_user_status
INFO: [ app_begin ] --START--
INFO: Run Behavior\ReadHtmlCache [ RunTime:0.000000s ]
INFO: [ app_begin ] --END-- [ RunTime:0.000000s ]
SQL: SHOW COLUMNS FROM `test_users` [ RunTime:0.000000s ]
SQL: SELECT * FROM `test_users` WHERE ( `username` = '迪丽热b' )  [ RunTime:0.000000s ]

[ 2017-06-08T17:55:24+08:00 ] 127.0.0.1 /Sun/User/get_register_user_status
INFO: [ app_begin ] --START--
INFO: Run Behavior\ReadHtmlCache [ RunTime:0.000000s ]
INFO: [ app_begin ] --END-- [ RunTime:0.000000s ]
SQL: SHOW COLUMNS FROM `test_users` [ RunTime:0.000000s ]
SQL: SELECT * FROM `test_users` WHERE ( `username` = '迪丽热ba' )  [ RunTime:0.000000s ]

[ 2017-06-08T17:55:25+08:00 ] 127.0.0.1 /Sun/User/get_register_user_status
INFO: [ app_begin ] --START--
INFO: Run Behavior\ReadHtmlCache [ RunTime:0.000000s ]
INFO: [ app_begin ] --END-- [ RunTime:0.000000s ]
SQL: SHOW COLUMNS FROM `test_users` [ RunTime:0.015600s ]
SQL: SELECT * FROM `test_users` WHERE ( `username` = '迪丽热b' )  [ RunTime:0.000000s ]

[ 2017-06-08T17:55:25+08:00 ] 127.0.0.1 /Sun/User/get_register_user_status
INFO: [ app_begin ] --START--
INFO: Run Behavior\ReadHtmlCache [ RunTime:0.001000s ]
INFO: [ app_begin ] --END-- [ RunTime:0.001000s ]
SQL: SHOW COLUMNS FROM `test_users` [ RunTime:0.000000s ]
SQL: SELECT * FROM `test_users` WHERE ( `username` = '迪丽热' )  [ RunTime:0.000000s ]

[ 2017-06-08T17:55:40+08:00 ] 127.0.0.1 /Sun/User/register
INFO: [ app_begin ] --START--
INFO: Run Behavior\ReadHtmlCache [ RunTime:0.001000s ]
INFO: [ app_begin ] --END-- [ RunTime:0.001000s ]
INFO: [ view_parse ] --START--
INFO: [ template_filter ] --START--
INFO: Run Behavior\ContentReplace [ RunTime:0.000000s ]
INFO: [ template_filter ] --END-- [ RunTime:0.001000s ]
INFO: Run Behavior\ParseTemplate [ RunTime:0.008000s ]
INFO: [ view_parse ] --END-- [ RunTime:0.008000s ]
INFO: [ view_filter ] --START--
INFO: Run Behavior\WriteHtmlCache [ RunTime:0.000000s ]
INFO: [ view_filter ] --END-- [ RunTime:0.000000s ]
INFO: [ app_end ] --START--
INFO: Run Behavior\ShowPageTrace [ RunTime:0.000000s ]
INFO: [ app_end ] --END-- [ RunTime:0.000000s ]
NOTIC: [8] Undefined variable: controller E:\think\ThinkPHP\entrance.php 第 3 行.

[ 2017-06-08T17:57:03+08:00 ] 127.0.0.1 /Sun/User/register
INFO: [ app_begin ] --START--
INFO: Run Behavior\ReadHtmlCache [ RunTime:0.001000s ]
INFO: [ app_begin ] --END-- [ RunTime:0.002000s ]
INFO: [ view_parse ] --START--
INFO: [ template_filter ] --START--
INFO: Run Behavior\ContentReplace [ RunTime:0.000000s ]
INFO: [ template_filter ] --END-- [ RunTime:0.000000s ]
INFO: Run Behavior\ParseTemplate [ RunTime:0.007001s ]
INFO: [ view_parse ] --END-- [ RunTime:0.007001s ]
INFO: [ view_filter ] --START--
INFO: Run Behavior\WriteHtmlCache [ RunTime:0.000000s ]
INFO: [ view_filter ] --END-- [ RunTime:0.000000s ]
INFO: [ app_end ] --START--
INFO: Run Behavior\ShowPageTrace [ RunTime:0.001000s ]
INFO: [ app_end ] --END-- [ RunTime:0.001000s ]
NOTIC: [8] Undefined variable: controller E:\think\ThinkPHP\entrance.php 第 3 行.

[ 2017-06-08T17:57:06+08:00 ] 127.0.0.1 /Sun/User/get_register_user_status
INFO: [ app_begin ] --START--
INFO: Run Behavior\ReadHtmlCache [ RunTime:0.000000s ]
INFO: [ app_begin ] --END-- [ RunTime:0.000000s ]
SQL: SHOW COLUMNS FROM `test_users` [ RunTime:0.004000s ]
SQL: SELECT * FROM `test_users` WHERE ( `username` = '迪丽热' )  [ RunTime:0.001000s ]

[ 2017-06-08T17:57:24+08:00 ] 127.0.0.1 /Sun/User/register
INFO: [ app_begin ] --START--
INFO: Run Behavior\ReadHtmlCache [ RunTime:0.000000s ]
INFO: [ app_begin ] --END-- [ RunTime:0.000000s ]
INFO: [ view_parse ] --START--
INFO: [ template_filter ] --START--
INFO: Run Behavior\ContentReplace [ RunTime:0.000000s ]
INFO: [ template_filter ] --END-- [ RunTime:0.000000s ]
INFO: Run Behavior\ParseTemplate [ RunTime:0.006000s ]
INFO: [ view_parse ] --END-- [ RunTime:0.006000s ]
INFO: [ view_filter ] --START--
INFO: Run Behavior\WriteHtmlCache [ RunTime:0.001000s ]
INFO: [ view_filter ] --END-- [ RunTime:0.001000s ]
INFO: [ app_end ] --START--
INFO: Run Behavior\ShowPageTrace [ RunTime:0.000000s ]
INFO: [ app_end ] --END-- [ RunTime:0.000000s ]
NOTIC: [8] Undefined variable: controller E:\think\ThinkPHP\entrance.php 第 3 行.

[ 2017-06-08T17:57:27+08:00 ] 127.0.0.1 /Sun/User/get_register_user_status
INFO: [ app_begin ] --START--
INFO: Run Behavior\ReadHtmlCache [ RunTime:0.001000s ]
INFO: [ app_begin ] --END-- [ RunTime:0.001000s ]
SQL: SHOW COLUMNS FROM `test_users` [ RunTime:0.000000s ]
SQL: SELECT * FROM `test_users` WHERE ( `username` = '迪丽热' )  [ RunTime:0.000000s ]

[ 2017-06-08T18:04:19+08:00 ] 127.0.0.1 /Sun/User/register
INFO: [ app_begin ] --START--
INFO: Run Behavior\ReadHtmlCache [ RunTime:0.000000s ]
INFO: [ app_begin ] --END-- [ RunTime:0.001000s ]
INFO: [ view_parse ] --START--
INFO: [ template_filter ] --START--
INFO: Run Behavior\ContentReplace [ RunTime:0.000000s ]
INFO: [ template_filter ] --END-- [ RunTime:0.000000s ]
INFO: Run Behavior\ParseTemplate [ RunTime:0.009000s ]
INFO: [ view_parse ] --END-- [ RunTime:0.011000s ]
INFO: [ view_filter ] --START--
INFO: Run Behavior\WriteHtmlCache [ RunTime:0.000000s ]
INFO: [ view_filter ] --END-- [ RunTime:0.000000s ]
INFO: [ app_end ] --START--
INFO: Run Behavior\ShowPageTrace [ RunTime:0.001000s ]
INFO: [ app_end ] --END-- [ RunTime:0.001000s ]
NOTIC: [8] Undefined variable: controller E:\think\ThinkPHP\entrance.php 第 3 行.

[ 2017-06-08T18:04:22+08:00 ] 127.0.0.1 /Sun/User/get_register_user_status
INFO: [ app_begin ] --START--
INFO: Run Behavior\ReadHtmlCache [ RunTime:0.001000s ]
INFO: [ app_begin ] --END-- [ RunTime:0.001000s ]
SQL: SHOW COLUMNS FROM `test_users` [ RunTime:0.001000s ]
SQL: SELECT * FROM `test_users` WHERE ( `username` = '迪丽热' )  [ RunTime:0.001000s ]

[ 2017-06-08T18:13:54+08:00 ] 127.0.0.1 /
INFO: [ app_begin ] --START--
INFO: Run Behavior\ReadHtmlCache [ RunTime:0.001000s ]
INFO: [ app_begin ] --END-- [ RunTime:0.001000s ]
INFO: [ view_parse ] --START--
INFO: [ template_filter ] --START--
INFO: Run Behavior\ContentReplace [ RunTime:0.000000s ]
INFO: [ template_filter ] --END-- [ RunTime:0.000000s ]
INFO: Run Behavior\ParseTemplate [ RunTime:0.007001s ]
INFO: [ view_parse ] --END-- [ RunTime:0.007001s ]
INFO: [ view_filter ] --START--
INFO: Run Behavior\WriteHtmlCache [ RunTime:0.001000s ]
INFO: [ view_filter ] --END-- [ RunTime:0.001000s ]
INFO: [ app_end ] --START--
INFO: Run Behavior\ShowPageTrace [ RunTime:0.000000s ]
INFO: [ app_end ] --END-- [ RunTime:0.000000s ]
NOTIC: [8] Undefined variable: controller E:\think\ThinkPHP\entrance.php 第 3 行.

[ 2017-06-08T18:13:55+08:00 ] 127.0.0.1 /Sun/User/verify
INFO: [ app_begin ] --START--
INFO: Run Behavior\ReadHtmlCache [ RunTime:0.001000s ]
INFO: [ app_begin ] --END-- [ RunTime:0.002000s ]
INFO: [ app_end ] --START--
INFO: Run Behavior\ShowPageTrace [ RunTime:0.000000s ]
INFO: [ app_end ] --END-- [ RunTime:0.001000s ]
NOTIC: [8] Undefined variable: controller E:\think\ThinkPHP\entrance.php 第 3 行.

[ 2017-06-08T18:13:56+08:00 ] 127.0.0.1 /Sun/User/register
INFO: [ app_begin ] --START--
INFO: Run Behavior\ReadHtmlCache [ RunTime:0.001000s ]
INFO: [ app_begin ] --END-- [ RunTime:0.002000s ]
INFO: [ view_parse ] --START--
INFO: [ template_filter ] --START--
INFO: Run Behavior\ContentReplace [ RunTime:0.000000s ]
INFO: [ template_filter ] --END-- [ RunTime:0.000000s ]
INFO: Run Behavior\ParseTemplate [ RunTime:0.008000s ]
INFO: [ view_parse ] --END-- [ RunTime:0.008000s ]
INFO: [ view_filter ] --START--
INFO: Run Behavior\WriteHtmlCache [ RunTime:0.000000s ]
INFO: [ view_filter ] --END-- [ RunTime:0.000000s ]
INFO: [ app_end ] --START--
INFO: Run Behavior\ShowPageTrace [ RunTime:0.001000s ]
INFO: [ app_end ] --END-- [ RunTime:0.001000s ]
NOTIC: [8] Undefined variable: controller E:\think\ThinkPHP\entrance.php 第 3 行.

[ 2017-06-08T18:14:00+08:00 ] 127.0.0.1 /Sun/User/get_register_user_status
INFO: [ app_begin ] --START--
INFO: Run Behavior\ReadHtmlCache [ RunTime:0.000000s ]
INFO: [ app_begin ] --END-- [ RunTime:0.000000s ]
SQL: SHOW COLUMNS FROM `test_users` [ RunTime:0.000000s ]
SQL: SELECT * FROM `test_users` WHERE ( `username` = '迪丽热' )  [ RunTime:0.000000s ]

[ 2017-06-08T18:17:00+08:00 ] 127.0.0.1 /Sun/User/register
INFO: [ app_begin ] --START--
INFO: Run Behavior\ReadHtmlCache [ RunTime:0.001000s ]
INFO: [ app_begin ] --END-- [ RunTime:0.002000s ]
INFO: [ view_parse ] --START--
INFO: [ template_filter ] --START--
INFO: Run Behavior\ContentReplace [ RunTime:0.000000s ]
INFO: [ template_filter ] --END-- [ RunTime:0.000000s ]
INFO: Run Behavior\ParseTemplate [ RunTime:0.008000s ]
INFO: [ view_parse ] --END-- [ RunTime:0.008000s ]
INFO: [ view_filter ] --START--
INFO: Run Behavior\WriteHtmlCache [ RunTime:0.000000s ]
INFO: [ view_filter ] --END-- [ RunTime:0.000000s ]
INFO: [ app_end ] --START--
INFO: Run Behavior\ShowPageTrace [ RunTime:0.001000s ]
INFO: [ app_end ] --END-- [ RunTime:0.001000s ]
NOTIC: [8] Undefined variable: controller E:\think\ThinkPHP\entrance.php 第 3 行.

[ 2017-06-08T18:17:07+08:00 ] 127.0.0.1 /Sun/User/get_register_user_status
INFO: [ app_begin ] --START--
INFO: Run Behavior\ReadHtmlCache [ RunTime:0.001000s ]
INFO: [ app_begin ] --END-- [ RunTime:0.001000s ]
SQL: SHOW COLUMNS FROM `test_users` [ RunTime:0.001001s ]
SQL: SELECT * FROM `test_users` WHERE ( `id` = 0 )  [ RunTime:0.001000s ]

[ 2017-06-08T18:17:17+08:00 ] 127.0.0.1 /Sun/User/get_register_user_status
INFO: [ app_begin ] --START--
INFO: Run Behavior\ReadHtmlCache [ RunTime:0.000000s ]
INFO: [ app_begin ] --END-- [ RunTime:0.000000s ]
SQL: SHOW COLUMNS FROM `test_users` [ RunTime:0.000000s ]
SQL: SELECT * FROM `test_users` WHERE ( `id` = 0 )  [ RunTime:0.000000s ]

[ 2017-06-08T18:17:17+08:00 ] 127.0.0.1 /Sun/User/get_register_user_status
INFO: [ app_begin ] --START--
INFO: Run Behavior\ReadHtmlCache [ RunTime:0.000000s ]
INFO: [ app_begin ] --END-- [ RunTime:0.000000s ]
SQL: SHOW COLUMNS FROM `test_users` [ RunTime:0.000000s ]
SQL: SELECT * FROM `test_users` WHERE ( `id` = 0 )  [ RunTime:0.000000s ]

[ 2017-06-08T18:17:18+08:00 ] 127.0.0.1 /Sun/User/get_register_user_status
INFO: [ app_begin ] --START--
INFO: Run Behavior\ReadHtmlCache [ RunTime:0.000000s ]
INFO: [ app_begin ] --END-- [ RunTime:0.000000s ]
SQL: SHOW COLUMNS FROM `test_users` [ RunTime:0.000000s ]
SQL: SELECT * FROM `test_users` WHERE ( `id` = 0 )  [ RunTime:0.000000s ]

