[ 2017-05-20T13:28:57+08:00 ] 127.0.0.1 /Sun/User/users
INFO: [ app_begin ] --START--
INFO: Run Behavior\ReadHtmlCache [ RunTime:0.160010s ]
INFO: [ app_begin ] --END-- [ RunTime:0.227013s ]
SQL: SHOW COLUMNS FROM `test_users` [ RunTime:0.004000s ]
SQL: SELECT * FROM `test_users`  [ RunTime:0.001000s ]
INFO: [ view_parse ] --START--
INFO: [ template_filter ] --START--
INFO: Run Behavior\ContentReplace [ RunTime:0.000000s ]
INFO: [ template_filter ] --END-- [ RunTime:0.000000s ]
NOTIC: [8] Undefined variable: controller E:\think\Application\Runtime\Cache\Sun\d33f96384a99e6fa87a4877a4503fa70.php 第 34 行.
NOTIC: [8] Undefined index: controller E:\think\Application\Runtime\Cache\Sun\d33f96384a99e6fa87a4877a4503fa70.php 第 37 行.
NOTIC: [8] Undefined index: controller E:\think\Application\Runtime\Cache\Sun\d33f96384a99e6fa87a4877a4503fa70.php 第 38 行.
NOTIC: [8] Undefined index: user_info E:\think\Application\Runtime\Cache\Sun\d33f96384a99e6fa87a4877a4503fa70.php 第 44 行.
NOTIC: [8] Undefined index: user_info E:\think\Application\Runtime\Cache\Sun\d33f96384a99e6fa87a4877a4503fa70.php 第 47 行.
INFO: Run Behavior\ParseTemplate [ RunTime:0.178010s ]
INFO: [ view_parse ] --END-- [ RunTime:0.178010s ]
INFO: [ view_filter ] --START--
INFO: Run Behavior\WriteHtmlCache [ RunTime:0.011001s ]
INFO: [ view_filter ] --END-- [ RunTime:0.011001s ]
INFO: [ app_end ] --START--
INFO: Run Behavior\ShowPageTrace [ RunTime:0.009001s ]
INFO: [ app_end ] --END-- [ RunTime:0.009001s ]
NOTIC: [8] Undefined variable: controller E:\think\ThinkPHP\entrance.php 第 3 行.
NOTIC: [8] Undefined variable: controller E:\think\ThinkPHP\entrance.php 第 13 行.
NOTIC: [8] Undefined variable: action E:\think\ThinkPHP\entrance.php 第 14 行.

[ 2017-05-20T13:28:57+08:00 ] 127.0.0.1 /Sun/User/login
INFO: [ app_begin ] --START--
INFO: Run Behavior\ReadHtmlCache [ RunTime:0.001000s ]
INFO: [ app_begin ] --END-- [ RunTime:0.002000s ]
INFO: [ view_parse ] --START--
INFO: [ template_filter ] --START--
INFO: Run Behavior\ContentReplace [ RunTime:0.000000s ]
INFO: [ template_filter ] --END-- [ RunTime:0.000000s ]
INFO: Run Behavior\ParseTemplate [ RunTime:0.006001s ]
INFO: [ view_parse ] --END-- [ RunTime:0.006001s ]
INFO: [ view_filter ] --START--
INFO: Run Behavior\WriteHtmlCache [ RunTime:0.000000s ]
INFO: [ view_filter ] --END-- [ RunTime:0.000000s ]
INFO: [ app_end ] --START--
INFO: Run Behavior\ShowPageTrace [ RunTime:0.000000s ]
INFO: [ app_end ] --END-- [ RunTime:0.000000s ]
NOTIC: [8] Undefined variable: controller E:\think\ThinkPHP\entrance.php 第 3 行.
NOTIC: [8] Undefined variable: controller E:\think\ThinkPHP\entrance.php 第 13 行.
NOTIC: [8] Undefined variable: action E:\think\ThinkPHP\entrance.php 第 14 行.

